<?xml version="1.0" encoding="UTF-8"?>
<testsuite xmlns:xsi="http://www.w3.org/2001/XMLSchema-instance" xsi:noNamespaceSchemaLocation="https://maven.apache.org/surefire/maven-surefire-plugin/xsd/surefire-test-report-3.0.xsd" version="3.0" name="com.org.EmployeemanagementSystem.EmployeemanagementSystemApplicationTests" time="4.442" tests="1" errors="0" skipped="0" failures="0">
  <properties>
[...]
</properties>
  <testcase name="contextLoads" classname="com.org.EmployeemanagementSystem.EmployeemanagementSystemApplicationTests" time="0.376">
    <system-out><![CDATA[19:06:47.328 [main] INFO org.springframework.test.context.support.AnnotationConfigContextLoaderUtils -- Could not detect default configuration classes for test class [com.org.EmployeemanagementSystem.EmployeemanagementSystemApplicationTests]: EmployeemanagementSystemApplicationTests does not declare any static, non-private, non-final, nested classes annotated with @Configuration.
19:06:47.396 [main] INFO org.springframework.boot.test.context.SpringBootTestContextBootstrapper -- Found @SpringBootConfiguration com.org.EmployeemanagementSystem.EmployeemanagementSystemApplication for test class com.org.EmployeemanagementSystem.EmployeemanagementSystemApplicationTests

  .   ____          _            __ _ _
 /\\ / ___'_ __ _ _(_)_ __  __ _ \ \ \ \
( ( )\___ | '_ | '_| | '_ \/ _` | \ \ \ \
 \\/  ___)| |_)| | | | | || (_| |  ) ) ) )
  '  |____| .__|_| |_|_| |_\__, | / / / /
 =========|_|==============|___/=/_/_/_/

 :: Spring Boot ::                (v3.3.1)

2024-07-13T19:06:47.643+05:30 DEBUG 36136 --- [EmployeemanagementSystem] [kground-preinit] o.h.v.i.xml.config.ValidationXmlParser   : Trying to load META-INF/validation.xml for XML based Validator configuration.
2024-07-13T19:06:47.645+05:30 DEBUG 36136 --- [EmployeemanagementSystem] [kground-preinit] o.h.v.i.xml.config.ResourceLoaderHelper  : Trying to load META-INF/validation.xml via TCCL
2024-07-13T19:06:47.646+05:30 DEBUG 36136 --- [EmployeemanagementSystem] [kground-preinit] o.h.v.i.xml.config.ResourceLoaderHelper  : Trying to load META-INF/validation.xml via Hibernate Validator's class loader
2024-07-13T19:06:47.646+05:30 DEBUG 36136 --- [EmployeemanagementSystem] [kground-preinit] o.h.v.i.xml.config.ValidationXmlParser   : No META-INF/validation.xml found. Using annotation based configuration only.
2024-07-13T19:06:47.650+05:30 DEBUG 36136 --- [EmployeemanagementSystem] [kground-preinit] o.h.v.i.e.resolver.TraversableResolvers  : Found jakarta.persistence.Persistence on classpath containing 'getPersistenceUtil'. Assuming JPA 2 environment. Trying to instantiate JPA aware TraversableResolver
2024-07-13T19:06:47.651+05:30 DEBUG 36136 --- [EmployeemanagementSystem] [kground-preinit] o.h.v.i.e.resolver.TraversableResolvers  : Instantiated JPA aware TraversableResolver of type org.hibernate.validator.internal.engine.resolver.JPATraversableResolver.
2024-07-13T19:06:47.658+05:30  INFO 36136 --- [EmployeemanagementSystem] [           main] EmployeemanagementSystemApplicationTests : Starting EmployeemanagementSystemApplicationTests using Java 17.0.11 with PID 36136 (started by ashutosh in /home/ashutosh/Downloads/EmployeemanagementSystem)
2024-07-13T19:06:47.659+05:30  INFO 36136 --- [EmployeemanagementSystem] [           main] EmployeemanagementSystemApplicationTests : No active profile set, falling back to 1 default profile: "default"
2024-07-13T19:06:47.676+05:30 DEBUG 36136 --- [EmployeemanagementSystem] [kground-preinit] .h.v.m.ResourceBundleMessageInterpolator : Loaded expression factory via original TCCL
2024-07-13T19:06:47.732+05:30 DEBUG 36136 --- [EmployeemanagementSystem] [kground-preinit] .i.e.ValidatorFactoryConfigurationHelper : HV000252: Using org.hibernate.validator.internal.engine.DefaultPropertyNodeNameProvider as property node name provider.
2024-07-13T19:06:47.735+05:30 DEBUG 36136 --- [EmployeemanagementSystem] [kground-preinit] .i.e.ValidatorFactoryConfigurationHelper : HV000234: Using org.hibernate.validator.messageinterpolation.ResourceBundleMessageInterpolator as ValidatorFactory-scoped message interpolator.
2024-07-13T19:06:47.736+05:30 DEBUG 36136 --- [EmployeemanagementSystem] [kground-preinit] .i.e.ValidatorFactoryConfigurationHelper : HV000234: Using org.hibernate.validator.internal.engine.resolver.JPATraversableResolver as ValidatorFactory-scoped traversable resolver.
2024-07-13T19:06:47.736+05:30 DEBUG 36136 --- [EmployeemanagementSystem] [kground-preinit] .i.e.ValidatorFactoryConfigurationHelper : HV000234: Using org.hibernate.validator.internal.util.ExecutableParameterNameProvider as ValidatorFactory-scoped parameter name provider.
2024-07-13T19:06:47.736+05:30 DEBUG 36136 --- [EmployeemanagementSystem] [kground-preinit] .i.e.ValidatorFactoryConfigurationHelper : HV000234: Using org.hibernate.validator.internal.engine.DefaultClockProvider as ValidatorFactory-scoped clock provider.
2024-07-13T19:06:47.736+05:30 DEBUG 36136 --- [EmployeemanagementSystem] [kground-preinit] .i.e.ValidatorFactoryConfigurationHelper : HV000234: Using org.hibernate.validator.internal.engine.scripting.DefaultScriptEvaluatorFactory as ValidatorFactory-scoped script evaluator factory.
2024-07-13T19:06:48.343+05:30  INFO 36136 --- [EmployeemanagementSystem] [           main] .s.d.r.c.RepositoryConfigurationDelegate : Bootstrapping Spring Data JPA repositories in DEFAULT mode.
2024-07-13T19:06:48.383+05:30  INFO 36136 --- [EmployeemanagementSystem] [           main] .s.d.r.c.RepositoryConfigurationDelegate : Finished Spring Data repository scanning in 36 ms. Found 1 JPA repository interface.
2024-07-13T19:06:48.631+05:30  WARN 36136 --- [EmployeemanagementSystem] [           main] trationDelegate$BeanPostProcessorChecker : Bean 'org.springframework.ws.config.annotation.DelegatingWsConfiguration' of type [org.springframework.ws.config.annotation.DelegatingWsConfiguration$$SpringCGLIB$$0] is not eligible for getting processed by all BeanPostProcessors (for example: not eligible for auto-proxying). The currently created BeanPostProcessor [annotationActionEndpointMapping] is declared through a non-static factory method on that class; consider declaring it as static instead.
2024-07-13T19:06:48.660+05:30  INFO 36136 --- [EmployeemanagementSystem] [           main] .w.s.a.s.AnnotationActionEndpointMapping : Supporting [WS-Addressing August 2004, WS-Addressing 1.0]
2024-07-13T19:06:48.764+05:30 DEBUG 36136 --- [EmployeemanagementSystem] [           main] o.hibernate.jpa.internal.util.LogHelper  : PersistenceUnitInfo [
	name: default
	persistence provider classname: null
	classloader: jdk.internal.loader.ClassLoaders$AppClassLoader@2cdf8d8a
	excludeUnlistedClasses: true
	JTA datasource: null
	Non JTA datasource: HikariDataSource (null)
	Transaction type: RESOURCE_LOCAL
	PU root URL: file:/home/ashutosh/Downloads/EmployeemanagementSystem/target/test-classes/
	Shared Cache Mode: UNSPECIFIED
	Validation Mode: AUTO
	Jar files URLs []
	Managed classes names [
		com.org.EmployeemanagementSystem.entities.User]
	Mapping files names []
	Properties []
2024-07-13T19:06:48.770+05:30 DEBUG 36136 --- [EmployeemanagementSystem] [           main] o.h.i.internal.IntegratorServiceImpl     : Adding Integrator [org.hibernate.boot.beanvalidation.BeanValidationIntegrator].
2024-07-13T19:06:48.771+05:30 DEBUG 36136 --- [EmployeemanagementSystem] [           main] o.h.i.internal.IntegratorServiceImpl     : Adding Integrator [org.hibernate.cache.internal.CollectionCacheInvalidator].
2024-07-13T19:06:48.791+05:30  INFO 36136 --- [EmployeemanagementSystem] [           main] org.hibernate.Version                    : HHH000412: Hibernate ORM core version 6.5.2.Final
2024-07-13T19:06:48.792+05:30 DEBUG 36136 --- [EmployeemanagementSystem] [           main] org.hibernate.cfg.Environment            : HHH000206: 'hibernate.properties' not found
2024-07-13T19:06:48.812+05:30 DEBUG 36136 --- [EmployeemanagementSystem] [           main] org.hibernate.orm.idgen.factory          : Registering IdentifierGenerator strategy [uuid2] -> [org.hibernate.id.UUIDGenerator]
2024-07-13T19:06:48.812+05:30 DEBUG 36136 --- [EmployeemanagementSystem] [           main] org.hibernate.orm.idgen.factory          : Registering IdentifierGenerator strategy [guid] -> [org.hibernate.id.GUIDGenerator]
2024-07-13T19:06:48.812+05:30 DEBUG 36136 --- [EmployeemanagementSystem] [           main] org.hibernate.orm.idgen.factory          : Registering IdentifierGenerator strategy [uuid] -> [org.hibernate.id.UUIDHexGenerator]
2024-07-13T19:06:48.812+05:30 DEBUG 36136 --- [EmployeemanagementSystem] [           main] org.hibernate.orm.idgen.factory          : Registering IdentifierGenerator strategy [uuid.hex] -> [org.hibernate.id.UUIDHexGenerator]
2024-07-13T19:06:48.813+05:30 DEBUG 36136 --- [EmployeemanagementSystem] [           main] org.hibernate.orm.idgen.factory          : Registering IdentifierGenerator strategy [assigned] -> [org.hibernate.id.Assigned]
2024-07-13T19:06:48.813+05:30 DEBUG 36136 --- [EmployeemanagementSystem] [           main] org.hibernate.orm.idgen.factory          : Registering IdentifierGenerator strategy [identity] -> [org.hibernate.id.IdentityGenerator]
2024-07-13T19:06:48.814+05:30 DEBUG 36136 --- [EmployeemanagementSystem] [           main] org.hibernate.orm.idgen.factory          : Registering IdentifierGenerator strategy [select] -> [org.hibernate.id.SelectGenerator]
2024-07-13T19:06:48.814+05:30 DEBUG 36136 --- [EmployeemanagementSystem] [           main] org.hibernate.orm.idgen.factory          : Registering IdentifierGenerator strategy [sequence] -> [org.hibernate.id.enhanced.SequenceStyleGenerator]
2024-07-13T19:06:48.815+05:30 DEBUG 36136 --- [EmployeemanagementSystem] [           main] org.hibernate.orm.idgen.factory          : Registering IdentifierGenerator strategy [increment] -> [org.hibernate.id.IncrementGenerator]
2024-07-13T19:06:48.815+05:30 DEBUG 36136 --- [EmployeemanagementSystem] [           main] org.hibernate.orm.idgen.factory          : Registering IdentifierGenerator strategy [foreign] -> [org.hibernate.id.ForeignGenerator]
2024-07-13T19:06:48.815+05:30 DEBUG 36136 --- [EmployeemanagementSystem] [           main] org.hibernate.orm.idgen.factory          : Registering IdentifierGenerator strategy [enhanced-sequence] -> [org.hibernate.id.enhanced.SequenceStyleGenerator]
2024-07-13T19:06:48.816+05:30 DEBUG 36136 --- [EmployeemanagementSystem] [           main] org.hibernate.orm.idgen.factory          : Registering IdentifierGenerator strategy [enhanced-table] -> [org.hibernate.id.enhanced.TableGenerator]
2024-07-13T19:06:48.820+05:30 DEBUG 36136 --- [EmployeemanagementSystem] [           main] o.h.c.internal.RegionFactoryInitiator    : Cannot default RegionFactory based on registered strategies as `[]` RegionFactory strategies were registered
2024-07-13T19:06:48.820+05:30  INFO 36136 --- [EmployeemanagementSystem] [           main] o.h.c.internal.RegionFactoryInitiator    : HHH000026: Second-level cache disabled
2024-07-13T19:06:48.863+05:30 DEBUG 36136 --- [EmployeemanagementSystem] [           main] org.hibernate.type.BasicTypeRegistry     : Adding type registration boolean -> org.hibernate.type.BasicTypeReference@42cf6349
2024-07-13T19:06:48.863+05:30 DEBUG 36136 --- [EmployeemanagementSystem] [           main] org.hibernate.type.BasicTypeRegistry     : Adding type registration boolean -> org.hibernate.type.BasicTypeReference@42cf6349
2024-07-13T19:06:48.864+05:30 DEBUG 36136 --- [EmployeemanagementSystem] [           main] org.hibernate.type.BasicTypeRegistry     : Adding type registration java.lang.Boolean -> org.hibernate.type.BasicTypeReference@42cf6349
2024-07-13T19:06:48.864+05:30 DEBUG 36136 --- [EmployeemanagementSystem] [           main] org.hibernate.type.BasicTypeRegistry     : Adding type registration numeric_boolean -> org.hibernate.type.BasicTypeReference@79cb8ffa
2024-07-13T19:06:48.864+05:30 DEBUG 36136 --- [EmployeemanagementSystem] [           main] org.hibernate.type.BasicTypeRegistry     : Adding type registration org.hibernate.type.NumericBooleanConverter -> org.hibernate.type.BasicTypeReference@79cb8ffa
2024-07-13T19:06:48.864+05:30 DEBUG 36136 --- [EmployeemanagementSystem] [           main] org.hibernate.type.BasicTypeRegistry     : Adding type registration true_false -> org.hibernate.type.BasicTypeReference@1a2e563e
2024-07-13T19:06:48.864+05:30 DEBUG 36136 --- [EmployeemanagementSystem] [           main] org.hibernate.type.BasicTypeRegistry     : Adding type registration org.hibernate.type.TrueFalseConverter -> org.hibernate.type.BasicTypeReference@1a2e563e
2024-07-13T19:06:48.864+05:30 DEBUG 36136 --- [EmployeemanagementSystem] [           main] org.hibernate.type.BasicTypeRegistry     : Adding type registration yes_no -> org.hibernate.type.BasicTypeReference@5b066c33
2024-07-13T19:06:48.864+05:30 DEBUG 36136 --- [EmployeemanagementSystem] [           main] org.hibernate.type.BasicTypeRegistry     : Adding type registration org.hibernate.type.YesNoConverter -> org.hibernate.type.BasicTypeReference@5b066c33
2024-07-13T19:06:48.864+05:30 DEBUG 36136 --- [EmployeemanagementSystem] [           main] org.hibernate.type.BasicTypeRegistry     : Adding type registration byte -> org.hibernate.type.BasicTypeReference@62ea8931
2024-07-13T19:06:48.865+05:30 DEBUG 36136 --- [EmployeemanagementSystem] [           main] org.hibernate.type.BasicTypeRegistry     : Adding type registration byte -> org.hibernate.type.BasicTypeReference@62ea8931
2024-07-13T19:06:48.865+05:30 DEBUG 36136 --- [EmployeemanagementSystem] [           main] org.hibernate.type.BasicTypeRegistry     : Adding type registration java.lang.Byte -> org.hibernate.type.BasicTypeReference@62ea8931
2024-07-13T19:06:48.865+05:30 DEBUG 36136 --- [EmployeemanagementSystem] [           main] org.hibernate.type.BasicTypeRegistry     : Adding type registration binary -> org.hibernate.type.BasicTypeReference@47fb7ec9
2024-07-13T19:06:48.865+05:30 DEBUG 36136 --- [EmployeemanagementSystem] [           main] org.hibernate.type.BasicTypeRegistry     : Adding type registration byte[] -> org.hibernate.type.BasicTypeReference@47fb7ec9
2024-07-13T19:06:48.865+05:30 DEBUG 36136 --- [EmployeemanagementSystem] [           main] org.hibernate.type.BasicTypeRegistry     : Adding type registration [B -> org.hibernate.type.BasicTypeReference@47fb7ec9
2024-07-13T19:06:48.865+05:30 DEBUG 36136 --- [EmployeemanagementSystem] [           main] org.hibernate.type.BasicTypeRegistry     : Adding type registration binary_wrapper -> org.hibernate.type.BasicTypeReference@2f8c4fae
2024-07-13T19:06:48.865+05:30 DEBUG 36136 --- [EmployeemanagementSystem] [           main] org.hibernate.type.BasicTypeRegistry     : Adding type registration wrapper-binary -> org.hibernate.type.BasicTypeReference@2f8c4fae
2024-07-13T19:06:48.865+05:30 DEBUG 36136 --- [EmployeemanagementSystem] [           main] org.hibernate.type.BasicTypeRegistry     : Adding type registration image -> org.hibernate.type.BasicTypeReference@4703c998
2024-07-13T19:06:48.865+05:30 DEBUG 36136 --- [EmployeemanagementSystem] [           main] org.hibernate.type.BasicTypeRegistry     : Adding type registration blob -> org.hibernate.type.BasicTypeReference@71166348
2024-07-13T19:06:48.865+05:30 DEBUG 36136 --- [EmployeemanagementSystem] [           main] org.hibernate.type.BasicTypeRegistry     : Adding type registration java.sql.Blob -> org.hibernate.type.BasicTypeReference@71166348
2024-07-13T19:06:48.866+05:30 DEBUG 36136 --- [EmployeemanagementSystem] [           main] org.hibernate.type.BasicTypeRegistry     : Adding type registration materialized_blob -> org.hibernate.type.BasicTypeReference@6d874695
2024-07-13T19:06:48.866+05:30 DEBUG 36136 --- [EmployeemanagementSystem] [           main] org.hibernate.type.BasicTypeRegistry     : Adding type registration materialized_blob_wrapper -> org.hibernate.type.BasicTypeReference@20bb85b4
2024-07-13T19:06:48.866+05:30 DEBUG 36136 --- [EmployeemanagementSystem] [           main] org.hibernate.type.BasicTypeRegistry     : Adding type registration short -> org.hibernate.type.BasicTypeReference@79add732
2024-07-13T19:06:48.866+05:30 DEBUG 36136 --- [EmployeemanagementSystem] [           main] org.hibernate.type.BasicTypeRegistry     : Adding type registration short -> org.hibernate.type.BasicTypeReference@79add732
2024-07-13T19:06:48.866+05:30 DEBUG 36136 --- [EmployeemanagementSystem] [           main] org.hibernate.type.BasicTypeRegistry     : Adding type registration java.lang.Short -> org.hibernate.type.BasicTypeReference@79add732
2024-07-13T19:06:48.866+05:30 DEBUG 36136 --- [EmployeemanagementSystem] [           main] org.hibernate.type.BasicTypeRegistry     : Adding type registration integer -> org.hibernate.type.BasicTypeReference@3be3e76c
2024-07-13T19:06:48.866+05:30 DEBUG 36136 --- [EmployeemanagementSystem] [           main] org.hibernate.type.BasicTypeRegistry     : Adding type registration int -> org.hibernate.type.BasicTypeReference@3be3e76c
2024-07-13T19:06:48.866+05:30 DEBUG 36136 --- [EmployeemanagementSystem] [           main] org.hibernate.type.BasicTypeRegistry     : Adding type registration java.lang.Integer -> org.hibernate.type.BasicTypeReference@3be3e76c
2024-07-13T19:06:48.866+05:30 DEBUG 36136 --- [EmployeemanagementSystem] [           main] org.hibernate.type.BasicTypeRegistry     : Adding type registration long -> org.hibernate.type.BasicTypeReference@6c07ad6b
2024-07-13T19:06:48.867+05:30 DEBUG 36136 --- [EmployeemanagementSystem] [           main] org.hibernate.type.BasicTypeRegistry     : Adding type registration long -> org.hibernate.type.BasicTypeReference@6c07ad6b
2024-07-13T19:06:48.867+05:30 DEBUG 36136 --- [EmployeemanagementSystem] [           main] org.hibernate.type.BasicTypeRegistry     : Adding type registration java.lang.Long -> org.hibernate.type.BasicTypeReference@6c07ad6b
2024-07-13T19:06:48.867+05:30 DEBUG 36136 --- [EmployeemanagementSystem] [           main] org.hibernate.type.BasicTypeRegistry     : Adding type registration float -> org.hibernate.type.BasicTypeReference@10ed037a
2024-07-13T19:06:48.867+05:30 DEBUG 36136 --- [EmployeemanagementSystem] [           main] org.hibernate.type.BasicTypeRegistry     : Adding type registration float -> org.hibernate.type.BasicTypeReference@10ed037a
2024-07-13T19:06:48.867+05:30 DEBUG 36136 --- [EmployeemanagementSystem] [           main] org.hibernate.type.BasicTypeRegistry     : Adding type registration java.lang.Float -> org.hibernate.type.BasicTypeReference@10ed037a
2024-07-13T19:06:48.867+05:30 DEBUG 36136 --- [EmployeemanagementSystem] [           main] org.hibernate.type.BasicTypeRegistry     : Adding type registration double -> org.hibernate.type.BasicTypeReference@76e4212
2024-07-13T19:06:48.867+05:30 DEBUG 36136 --- [EmployeemanagementSystem] [           main] org.hibernate.type.BasicTypeRegistry     : Adding type registration double -> org.hibernate.type.BasicTypeReference@76e4212
2024-07-13T19:06:48.867+05:30 DEBUG 36136 --- [EmployeemanagementSystem] [           main] org.hibernate.type.BasicTypeRegistry     : Adding type registration java.lang.Double -> org.hibernate.type.BasicTypeReference@76e4212
2024-07-13T19:06:48.868+05:30 DEBUG 36136 --- [EmployeemanagementSystem] [           main] org.hibernate.type.BasicTypeRegistry     : Adding type registration big_integer -> org.hibernate.type.BasicTypeReference@23121d14
2024-07-13T19:06:48.868+05:30 DEBUG 36136 --- [EmployeemanagementSystem] [           main] org.hibernate.type.BasicTypeRegistry     : Adding type registration java.math.BigInteger -> org.hibernate.type.BasicTypeReference@23121d14
2024-07-13T19:06:48.868+05:30 DEBUG 36136 --- [EmployeemanagementSystem] [           main] org.hibernate.type.BasicTypeRegistry     : Adding type registration big_decimal -> org.hibernate.type.BasicTypeReference@72af90e8
2024-07-13T19:06:48.868+05:30 DEBUG 36136 --- [EmployeemanagementSystem] [           main] org.hibernate.type.BasicTypeRegistry     : Adding type registration java.math.BigDecimal -> org.hibernate.type.BasicTypeReference@72af90e8
2024-07-13T19:06:48.868+05:30 DEBUG 36136 --- [EmployeemanagementSystem] [           main] org.hibernate.type.BasicTypeRegistry     : Adding type registration character -> org.hibernate.type.BasicTypeReference@aa1bb14
2024-07-13T19:06:48.868+05:30 DEBUG 36136 --- [EmployeemanagementSystem] [           main] org.hibernate.type.BasicTypeRegistry     : Adding type registration char -> org.hibernate.type.BasicTypeReference@aa1bb14
2024-07-13T19:06:48.868+05:30 DEBUG 36136 --- [EmployeemanagementSystem] [           main] org.hibernate.type.BasicTypeRegistry     : Adding type registration java.lang.Character -> org.hibernate.type.BasicTypeReference@aa1bb14
2024-07-13T19:06:48.868+05:30 DEBUG 36136 --- [EmployeemanagementSystem] [           main] org.hibernate.type.BasicTypeRegistry     : Adding type registration character_nchar -> org.hibernate.type.BasicTypeReference@7faa0680
2024-07-13T19:06:48.868+05:30 DEBUG 36136 --- [EmployeemanagementSystem] [           main] org.hibernate.type.BasicTypeRegistry     : Adding type registration string -> org.hibernate.type.BasicTypeReference@4c635edc
2024-07-13T19:06:48.869+05:30 DEBUG 36136 --- [EmployeemanagementSystem] [           main] org.hibernate.type.BasicTypeRegistry     : Adding type registration java.lang.String -> org.hibernate.type.BasicTypeReference@4c635edc
2024-07-13T19:06:48.869+05:30 DEBUG 36136 --- [EmployeemanagementSystem] [           main] org.hibernate.type.BasicTypeRegistry     : Adding type registration nstring -> org.hibernate.type.BasicTypeReference@4245bf68
2024-07-13T19:06:48.869+05:30 DEBUG 36136 --- [EmployeemanagementSystem] [           main] org.hibernate.type.BasicTypeRegistry     : Adding type registration characters -> org.hibernate.type.BasicTypeReference@45bbc52f
2024-07-13T19:06:48.869+05:30 DEBUG 36136 --- [EmployeemanagementSystem] [           main] org.hibernate.type.BasicTypeRegistry     : Adding type registration char[] -> org.hibernate.type.BasicTypeReference@45bbc52f
2024-07-13T19:06:48.869+05:30 DEBUG 36136 --- [EmployeemanagementSystem] [           main] org.hibernate.type.BasicTypeRegistry     : Adding type registration [C -> org.hibernate.type.BasicTypeReference@45bbc52f
2024-07-13T19:06:48.869+05:30 DEBUG 36136 --- [EmployeemanagementSystem] [           main] org.hibernate.type.BasicTypeRegistry     : Adding type registration wrapper-characters -> org.hibernate.type.BasicTypeReference@6a8a551e
2024-07-13T19:06:48.869+05:30 DEBUG 36136 --- [EmployeemanagementSystem] [           main] org.hibernate.type.BasicTypeRegistry     : Adding type registration text -> org.hibernate.type.BasicTypeReference@3cc9632d
2024-07-13T19:06:48.869+05:30 DEBUG 36136 --- [EmployeemanagementSystem] [           main] org.hibernate.type.BasicTypeRegistry     : Adding type registration ntext -> org.hibernate.type.BasicTypeReference@53982523
2024-07-13T19:06:48.869+05:30 DEBUG 36136 --- [EmployeemanagementSystem] [           main] org.hibernate.type.BasicTypeRegistry     : Adding type registration clob -> org.hibernate.type.BasicTypeReference@489110c2
2024-07-13T19:06:48.869+05:30 DEBUG 36136 --- [EmployeemanagementSystem] [           main] org.hibernate.type.BasicTypeRegistry     : Adding type registration java.sql.Clob -> org.hibernate.type.BasicTypeReference@489110c2
2024-07-13T19:06:48.870+05:30 DEBUG 36136 --- [EmployeemanagementSystem] [           main] org.hibernate.type.BasicTypeRegistry     : Adding type registration nclob -> org.hibernate.type.BasicTypeReference@700b9e6b
2024-07-13T19:06:48.870+05:30 DEBUG 36136 --- [EmployeemanagementSystem] [           main] org.hibernate.type.BasicTypeRegistry     : Adding type registration java.sql.NClob -> org.hibernate.type.BasicTypeReference@700b9e6b
2024-07-13T19:06:48.870+05:30 DEBUG 36136 --- [EmployeemanagementSystem] [           main] org.hibernate.type.BasicTypeRegistry     : Adding type registration materialized_clob -> org.hibernate.type.BasicTypeReference@7ac5b4c
2024-07-13T19:06:48.870+05:30 DEBUG 36136 --- [EmployeemanagementSystem] [           main] org.hibernate.type.BasicTypeRegistry     : Adding type registration materialized_clob_char_array -> org.hibernate.type.BasicTypeReference@150fc7a7
2024-07-13T19:06:48.870+05:30 DEBUG 36136 --- [EmployeemanagementSystem] [           main] org.hibernate.type.BasicTypeRegistry     : Adding type registration materialized_clob_character_array -> org.hibernate.type.BasicTypeReference@55d8c2c4
2024-07-13T19:06:48.870+05:30 DEBUG 36136 --- [EmployeemanagementSystem] [           main] org.hibernate.type.BasicTypeRegistry     : Adding type registration materialized_nclob -> org.hibernate.type.BasicTypeReference@798cf6d2
2024-07-13T19:06:48.870+05:30 DEBUG 36136 --- [EmployeemanagementSystem] [           main] org.hibernate.type.BasicTypeRegistry     : Adding type registration materialized_nclob_character_array -> org.hibernate.type.BasicTypeReference@1c1fa494
2024-07-13T19:06:48.870+05:30 DEBUG 36136 --- [EmployeemanagementSystem] [           main] org.hibernate.type.BasicTypeRegistry     : Adding type registration materialized_nclob_char_array -> org.hibernate.type.BasicTypeReference@77c66a4f
2024-07-13T19:06:48.870+05:30 DEBUG 36136 --- [EmployeemanagementSystem] [           main] org.hibernate.type.BasicTypeRegistry     : Adding type registration Duration -> org.hibernate.type.BasicTypeReference@649b5891
2024-07-13T19:06:48.870+05:30 DEBUG 36136 --- [EmployeemanagementSystem] [           main] org.hibernate.type.BasicTypeRegistry     : Adding type registration java.time.Duration -> org.hibernate.type.BasicTypeReference@649b5891
2024-07-13T19:06:48.871+05:30 DEBUG 36136 --- [EmployeemanagementSystem] [           main] org.hibernate.type.BasicTypeRegistry     : Adding type registration LocalDateTime -> org.hibernate.type.BasicTypeReference@7a3f08b6
2024-07-13T19:06:48.871+05:30 DEBUG 36136 --- [EmployeemanagementSystem] [           main] org.hibernate.type.BasicTypeRegistry     : Adding type registration java.time.LocalDateTime -> org.hibernate.type.BasicTypeReference@7a3f08b6
2024-07-13T19:06:48.871+05:30 DEBUG 36136 --- [EmployeemanagementSystem] [           main] org.hibernate.type.BasicTypeRegistry     : Adding type registration LocalDate -> org.hibernate.type.BasicTypeReference@1be52861
2024-07-13T19:06:48.871+05:30 DEBUG 36136 --- [EmployeemanagementSystem] [           main] org.hibernate.type.BasicTypeRegistry     : Adding type registration java.time.LocalDate -> org.hibernate.type.BasicTypeReference@1be52861
2024-07-13T19:06:48.871+05:30 DEBUG 36136 --- [EmployeemanagementSystem] [           main] org.hibernate.type.BasicTypeRegistry     : Adding type registration LocalTime -> org.hibernate.type.BasicTypeReference@5fb5ad40
2024-07-13T19:06:48.871+05:30 DEBUG 36136 --- [EmployeemanagementSystem] [           main] org.hibernate.type.BasicTypeRegistry     : Adding type registration java.time.LocalTime -> org.hibernate.type.BasicTypeReference@5fb5ad40
2024-07-13T19:06:48.871+05:30 DEBUG 36136 --- [EmployeemanagementSystem] [           main] org.hibernate.type.BasicTypeRegistry     : Adding type registration OffsetDateTime -> org.hibernate.type.BasicTypeReference@615439f7
2024-07-13T19:06:48.871+05:30 DEBUG 36136 --- [EmployeemanagementSystem] [           main] org.hibernate.type.BasicTypeRegistry     : Adding type registration java.time.OffsetDateTime -> org.hibernate.type.BasicTypeReference@615439f7
2024-07-13T19:06:48.871+05:30 DEBUG 36136 --- [EmployeemanagementSystem] [           main] org.hibernate.type.BasicTypeRegistry     : Adding type registration OffsetDateTimeWithTimezone -> org.hibernate.type.BasicTypeReference@632cf7d3
2024-07-13T19:06:48.871+05:30 DEBUG 36136 --- [EmployeemanagementSystem] [           main] org.hibernate.type.BasicTypeRegistry     : Adding type registration OffsetDateTimeWithoutTimezone -> org.hibernate.type.BasicTypeReference@51b87df7
2024-07-13T19:06:48.871+05:30 DEBUG 36136 --- [EmployeemanagementSystem] [           main] org.hibernate.type.BasicTypeRegistry     : Adding type registration OffsetTime -> org.hibernate.type.BasicTypeReference@2315052d
2024-07-13T19:06:48.871+05:30 DEBUG 36136 --- [EmployeemanagementSystem] [           main] org.hibernate.type.BasicTypeRegistry     : Adding type registration java.time.OffsetTime -> org.hibernate.type.BasicTypeReference@2315052d
2024-07-13T19:06:48.872+05:30 DEBUG 36136 --- [EmployeemanagementSystem] [           main] org.hibernate.type.BasicTypeRegistry     : Adding type registration OffsetTimeUtc -> org.hibernate.type.BasicTypeReference@634e1b39
2024-07-13T19:06:48.872+05:30 DEBUG 36136 --- [EmployeemanagementSystem] [           main] org.hibernate.type.BasicTypeRegistry     : Adding type registration OffsetTimeWithTimezone -> org.hibernate.type.BasicTypeReference@67d8faec
2024-07-13T19:06:48.872+05:30 DEBUG 36136 --- [EmployeemanagementSystem] [           main] org.hibernate.type.BasicTypeRegistry     : Adding type registration OffsetTimeWithoutTimezone -> org.hibernate.type.BasicTypeReference@751d7425
2024-07-13T19:06:48.872+05:30 DEBUG 36136 --- [EmployeemanagementSystem] [           main] org.hibernate.type.BasicTypeRegistry     : Adding type registration ZonedDateTime -> org.hibernate.type.BasicTypeReference@7eaa2bc6
2024-07-13T19:06:48.872+05:30 DEBUG 36136 --- [EmployeemanagementSystem] [           main] org.hibernate.type.BasicTypeRegistry     : Adding type registration java.time.ZonedDateTime -> org.hibernate.type.BasicTypeReference@7eaa2bc6
2024-07-13T19:06:48.872+05:30 DEBUG 36136 --- [EmployeemanagementSystem] [           main] org.hibernate.type.BasicTypeRegistry     : Adding type registration ZonedDateTimeWithTimezone -> org.hibernate.type.BasicTypeReference@6dae70f9
2024-07-13T19:06:48.873+05:30 DEBUG 36136 --- [EmployeemanagementSystem] [           main] org.hibernate.type.BasicTypeRegistry     : Adding type registration ZonedDateTimeWithoutTimezone -> org.hibernate.type.BasicTypeReference@4d81e83a
2024-07-13T19:06:48.873+05:30 DEBUG 36136 --- [EmployeemanagementSystem] [           main] org.hibernate.type.BasicTypeRegistry     : Adding type registration date -> org.hibernate.type.BasicTypeReference@53a301f3
2024-07-13T19:06:48.873+05:30 DEBUG 36136 --- [EmployeemanagementSystem] [           main] org.hibernate.type.BasicTypeRegistry     : Adding type registration java.sql.Date -> org.hibernate.type.BasicTypeReference@53a301f3
2024-07-13T19:06:48.873+05:30 DEBUG 36136 --- [EmployeemanagementSystem] [           main] org.hibernate.type.BasicTypeRegistry     : Adding type registration time -> org.hibernate.type.BasicTypeReference@7cf8f45a
2024-07-13T19:06:48.873+05:30 DEBUG 36136 --- [EmployeemanagementSystem] [           main] org.hibernate.type.BasicTypeRegistry     : Adding type registration java.sql.Time -> org.hibernate.type.BasicTypeReference@7cf8f45a
2024-07-13T19:06:48.873+05:30 DEBUG 36136 --- [EmployeemanagementSystem] [           main] org.hibernate.type.BasicTypeRegistry     : Adding type registration timestamp -> org.hibernate.type.BasicTypeReference@62cf6a84
2024-07-13T19:06:48.873+05:30 DEBUG 36136 --- [EmployeemanagementSystem] [           main] org.hibernate.type.BasicTypeRegistry     : Adding type registration java.sql.Timestamp -> org.hibernate.type.BasicTypeReference@62cf6a84
2024-07-13T19:06:48.873+05:30 DEBUG 36136 --- [EmployeemanagementSystem] [           main] org.hibernate.type.BasicTypeRegistry     : Adding type registration java.util.Date -> org.hibernate.type.BasicTypeReference@62cf6a84
2024-07-13T19:06:48.873+05:30 DEBUG 36136 --- [EmployeemanagementSystem] [           main] org.hibernate.type.BasicTypeRegistry     : Adding type registration calendar -> org.hibernate.type.BasicTypeReference@204d9edf
2024-07-13T19:06:48.873+05:30 DEBUG 36136 --- [EmployeemanagementSystem] [           main] org.hibernate.type.BasicTypeRegistry     : Adding type registration java.util.Calendar -> org.hibernate.type.BasicTypeReference@204d9edf
2024-07-13T19:06:48.873+05:30 DEBUG 36136 --- [EmployeemanagementSystem] [           main] org.hibernate.type.BasicTypeRegistry     : Adding type registration java.util.GregorianCalendar -> org.hibernate.type.BasicTypeReference@204d9edf
2024-07-13T19:06:48.873+05:30 DEBUG 36136 --- [EmployeemanagementSystem] [           main] org.hibernate.type.BasicTypeRegistry     : Adding type registration calendar_date -> org.hibernate.type.BasicTypeReference@6b2aafbc
2024-07-13T19:06:48.873+05:30 DEBUG 36136 --- [EmployeemanagementSystem] [           main] org.hibernate.type.BasicTypeRegistry     : Adding type registration calendar_time -> org.hibernate.type.BasicTypeReference@50cbcca7
2024-07-13T19:06:48.874+05:30 DEBUG 36136 --- [EmployeemanagementSystem] [           main] org.hibernate.type.BasicTypeRegistry     : Adding type registration instant -> org.hibernate.type.BasicTypeReference@49491770
2024-07-13T19:06:48.874+05:30 DEBUG 36136 --- [EmployeemanagementSystem] [           main] org.hibernate.type.BasicTypeRegistry     : Adding type registration java.time.Instant -> org.hibernate.type.BasicTypeReference@49491770
2024-07-13T19:06:48.874+05:30 DEBUG 36136 --- [EmployeemanagementSystem] [           main] org.hibernate.type.BasicTypeRegistry     : Adding type registration uuid -> org.hibernate.type.BasicTypeReference@5bec3e0
2024-07-13T19:06:48.874+05:30 DEBUG 36136 --- [EmployeemanagementSystem] [           main] org.hibernate.type.BasicTypeRegistry     : Adding type registration java.util.UUID -> org.hibernate.type.BasicTypeReference@5bec3e0
2024-07-13T19:06:48.874+05:30 DEBUG 36136 --- [EmployeemanagementSystem] [           main] org.hibernate.type.BasicTypeRegistry     : Adding type registration pg-uuid -> org.hibernate.type.BasicTypeReference@5bec3e0
2024-07-13T19:06:48.874+05:30 DEBUG 36136 --- [EmployeemanagementSystem] [           main] org.hibernate.type.BasicTypeRegistry     : Adding type registration uuid-binary -> org.hibernate.type.BasicTypeReference@3b57dba4
2024-07-13T19:06:48.874+05:30 DEBUG 36136 --- [EmployeemanagementSystem] [           main] org.hibernate.type.BasicTypeRegistry     : Adding type registration uuid-char -> org.hibernate.type.BasicTypeReference@35f7969d
2024-07-13T19:06:48.874+05:30 DEBUG 36136 --- [EmployeemanagementSystem] [           main] org.hibernate.type.BasicTypeRegistry     : Adding type registration class -> org.hibernate.type.BasicTypeReference@3404e5c4
2024-07-13T19:06:48.874+05:30 DEBUG 36136 --- [EmployeemanagementSystem] [           main] org.hibernate.type.BasicTypeRegistry     : Adding type registration java.lang.Class -> org.hibernate.type.BasicTypeReference@3404e5c4
2024-07-13T19:06:48.874+05:30 DEBUG 36136 --- [EmployeemanagementSystem] [           main] org.hibernate.type.BasicTypeRegistry     : Adding type registration currency -> org.hibernate.type.BasicTypeReference@47569167
2024-07-13T19:06:48.874+05:30 DEBUG 36136 --- [EmployeemanagementSystem] [           main] org.hibernate.type.BasicTypeRegistry     : Adding type registration Currency -> org.hibernate.type.BasicTypeReference@47569167
2024-07-13T19:06:48.874+05:30 DEBUG 36136 --- [EmployeemanagementSystem] [           main] org.hibernate.type.BasicTypeRegistry     : Adding type registration java.util.Currency -> org.hibernate.type.BasicTypeReference@47569167
2024-07-13T19:06:48.874+05:30 DEBUG 36136 --- [EmployeemanagementSystem] [           main] org.hibernate.type.BasicTypeRegistry     : Adding type registration locale -> org.hibernate.type.BasicTypeReference@42d9e8d2
2024-07-13T19:06:48.874+05:30 DEBUG 36136 --- [EmployeemanagementSystem] [           main] org.hibernate.type.BasicTypeRegistry     : Adding type registration java.util.Locale -> org.hibernate.type.BasicTypeReference@42d9e8d2
2024-07-13T19:06:48.875+05:30 DEBUG 36136 --- [EmployeemanagementSystem] [           main] org.hibernate.type.BasicTypeRegistry     : Adding type registration serializable -> org.hibernate.type.BasicTypeReference@4b93dd6a
2024-07-13T19:06:48.875+05:30 DEBUG 36136 --- [EmployeemanagementSystem] [           main] org.hibernate.type.BasicTypeRegistry     : Adding type registration java.io.Serializable -> org.hibernate.type.BasicTypeReference@4b93dd6a
2024-07-13T19:06:48.875+05:30 DEBUG 36136 --- [EmployeemanagementSystem] [           main] org.hibernate.type.BasicTypeRegistry     : Adding type registration timezone -> org.hibernate.type.BasicTypeReference@582a3b19
2024-07-13T19:06:48.875+05:30 DEBUG 36136 --- [EmployeemanagementSystem] [           main] org.hibernate.type.BasicTypeRegistry     : Adding type registration java.util.TimeZone -> org.hibernate.type.BasicTypeReference@582a3b19
2024-07-13T19:06:48.875+05:30 DEBUG 36136 --- [EmployeemanagementSystem] [           main] org.hibernate.type.BasicTypeRegistry     : Adding type registration ZoneOffset -> org.hibernate.type.BasicTypeReference@2b0454d2
2024-07-13T19:06:48.875+05:30 DEBUG 36136 --- [EmployeemanagementSystem] [           main] org.hibernate.type.BasicTypeRegistry     : Adding type registration java.time.ZoneOffset -> org.hibernate.type.BasicTypeReference@2b0454d2
2024-07-13T19:06:48.875+05:30 DEBUG 36136 --- [EmployeemanagementSystem] [           main] org.hibernate.type.BasicTypeRegistry     : Adding type registration url -> org.hibernate.type.BasicTypeReference@2616b618
2024-07-13T19:06:48.875+05:30 DEBUG 36136 --- [EmployeemanagementSystem] [           main] org.hibernate.type.BasicTypeRegistry     : Adding type registration java.net.URL -> org.hibernate.type.BasicTypeReference@2616b618
2024-07-13T19:06:48.875+05:30 DEBUG 36136 --- [EmployeemanagementSystem] [           main] org.hibernate.type.BasicTypeRegistry     : Adding type registration vector -> org.hibernate.type.BasicTypeReference@73bb573d
2024-07-13T19:06:48.875+05:30 DEBUG 36136 --- [EmployeemanagementSystem] [           main] org.hibernate.type.BasicTypeRegistry     : Adding type registration row_version -> org.hibernate.type.BasicTypeReference@7ac058a0
2024-07-13T19:06:48.884+05:30 DEBUG 36136 --- [EmployeemanagementSystem] [           main] org.hibernate.type.BasicTypeRegistry     : Adding type registration object -> org.hibernate.type.JavaObjectType@5bf4764d
2024-07-13T19:06:48.884+05:30 DEBUG 36136 --- [EmployeemanagementSystem] [           main] org.hibernate.type.BasicTypeRegistry     : Adding type registration java.lang.Object -> org.hibernate.type.JavaObjectType@5bf4764d
2024-07-13T19:06:48.885+05:30 DEBUG 36136 --- [EmployeemanagementSystem] [           main] org.hibernate.type.BasicTypeRegistry     : Adding type registration null -> org.hibernate.type.NullType@c14e5a5
2024-07-13T19:06:48.885+05:30 DEBUG 36136 --- [EmployeemanagementSystem] [           main] org.hibernate.type.BasicTypeRegistry     : Adding type registration imm_date -> org.hibernate.type.BasicTypeReference@16f15ae9
2024-07-13T19:06:48.885+05:30 DEBUG 36136 --- [EmployeemanagementSystem] [           main] org.hibernate.type.BasicTypeRegistry     : Adding type registration imm_time -> org.hibernate.type.BasicTypeReference@6206b4a7
2024-07-13T19:06:48.885+05:30 DEBUG 36136 --- [EmployeemanagementSystem] [           main] org.hibernate.type.BasicTypeRegistry     : Adding type registration imm_timestamp -> org.hibernate.type.BasicTypeReference@77896335
2024-07-13T19:06:48.885+05:30 DEBUG 36136 --- [EmployeemanagementSystem] [           main] org.hibernate.type.BasicTypeRegistry     : Adding type registration imm_calendar -> org.hibernate.type.BasicTypeReference@5c1b89ac
2024-07-13T19:06:48.885+05:30 DEBUG 36136 --- [EmployeemanagementSystem] [           main] org.hibernate.type.BasicTypeRegistry     : Adding type registration imm_calendar_date -> org.hibernate.type.BasicTypeReference@40a1b6d4
2024-07-13T19:06:48.885+05:30 DEBUG 36136 --- [EmployeemanagementSystem] [           main] org.hibernate.type.BasicTypeRegistry     : Adding type registration imm_calendar_time -> org.hibernate.type.BasicTypeReference@175581eb
2024-07-13T19:06:48.886+05:30 DEBUG 36136 --- [EmployeemanagementSystem] [           main] org.hibernate.type.BasicTypeRegistry     : Adding type registration imm_binary -> org.hibernate.type.BasicTypeReference@2b79c8ff
2024-07-13T19:06:48.886+05:30 DEBUG 36136 --- [EmployeemanagementSystem] [           main] org.hibernate.type.BasicTypeRegistry     : Adding type registration imm_serializable -> org.hibernate.type.BasicTypeReference@2baf72d5
2024-07-13T19:06:48.889+05:30 DEBUG 36136 --- [EmployeemanagementSystem] [           main] o.h.boot.internal.BootstrapContextImpl   : Injecting JPA temp ClassLoader [org.springframework.instrument.classloading.SimpleThrowawayClassLoader@1578fa9] into BootstrapContext; was [null]
2024-07-13T19:06:48.889+05:30 DEBUG 36136 --- [EmployeemanagementSystem] [           main] o.h.boot.internal.ClassLoaderAccessImpl  : ClassLoaderAccessImpl#injectTempClassLoader(org.springframework.instrument.classloading.SimpleThrowawayClassLoader@1578fa9) [was null]
2024-07-13T19:06:48.890+05:30 DEBUG 36136 --- [EmployeemanagementSystem] [           main] o.h.boot.internal.BootstrapContextImpl   : Injecting ScanEnvironment [org.hibernate.jpa.boot.internal.StandardJpaScanEnvironmentImpl@3e9beef2] into BootstrapContext; was [null]
2024-07-13T19:06:48.890+05:30 DEBUG 36136 --- [EmployeemanagementSystem] [           main] o.h.boot.internal.BootstrapContextImpl   : Injecting ScanOptions [org.hibernate.boot.archive.scan.internal.StandardScanOptions@2f15a964] into BootstrapContext; was [org.hibernate.boot.archive.scan.internal.StandardScanOptions@3111631d]
2024-07-13T19:06:49.049+05:30  INFO 36136 --- [EmployeemanagementSystem] [           main] o.s.o.j.p.SpringPersistenceUnitInfo      : No LoadTimeWeaver setup: ignoring JPA class transformer
2024-07-13T19:06:49.049+05:30 DEBUG 36136 --- [EmployeemanagementSystem] [           main] o.h.boot.internal.BootstrapContextImpl   : Injecting JPA temp ClassLoader [null] into BootstrapContext; was [org.springframework.instrument.classloading.SimpleThrowawayClassLoader@1578fa9]
2024-07-13T19:06:49.049+05:30 DEBUG 36136 --- [EmployeemanagementSystem] [           main] o.h.boot.internal.ClassLoaderAccessImpl  : ClassLoaderAccessImpl#injectTempClassLoader(null) [was org.springframework.instrument.classloading.SimpleThrowawayClassLoader@1578fa9]
2024-07-13T19:06:49.067+05:30  INFO 36136 --- [EmployeemanagementSystem] [           main] com.zaxxer.hikari.HikariDataSource       : HikariPool-1 - Starting...
2024-07-13T19:06:49.268+05:30  INFO 36136 --- [EmployeemanagementSystem] [           main] com.zaxxer.hikari.pool.HikariPool        : HikariPool-1 - Added connection com.mysql.cj.jdbc.ConnectionImpl@ccd000e
2024-07-13T19:06:49.270+05:30  INFO 36136 --- [EmployeemanagementSystem] [           main] com.zaxxer.hikari.HikariDataSource       : HikariPool-1 - Start completed.
2024-07-13T19:06:49.274+05:30 DEBUG 36136 --- [EmployeemanagementSystem] [           main] o.h.e.j.e.i.JdbcEnvironmentInitiator     : Database ->
	   name : MySQL
	version : 8.0.37-0ubuntu0.22.04.3
	  major : 8
	  minor : 0
2024-07-13T19:06:49.274+05:30 DEBUG 36136 --- [EmployeemanagementSystem] [           main] o.h.e.j.e.i.JdbcEnvironmentInitiator     : Driver ->
	   name : MySQL Connector/J
	version : mysql-connector-j-8.3.0 (Revision: 805f872a57875f311cb82487efcfb070411a3fa0)
	  major : 8
	  minor : 3
2024-07-13T19:06:49.275+05:30 DEBUG 36136 --- [EmployeemanagementSystem] [           main] o.h.e.j.e.i.JdbcEnvironmentInitiator     : JDBC version : 4.2
2024-07-13T19:06:49.309+05:30  WARN 36136 --- [EmployeemanagementSystem] [           main] org.hibernate.orm.deprecation            : HHH90000025: MySQLDialect does not need to be specified explicitly using 'hibernate.dialect' (remove the property setting and it will be selected by default)
2024-07-13T19:06:49.310+05:30 DEBUG 36136 --- [EmployeemanagementSystem] [           main] org.hibernate.orm.dialect                : HHH035001: Using dialect: org.hibernate.dialect.MySQLDialect, version: 8.0.37
2024-07-13T19:06:49.314+05:30 DEBUG 36136 --- [EmployeemanagementSystem] [           main] o.h.e.j.env.spi.IdentifierHelperBuilder  : JDBC driver metadata reported database stores quoted identifiers in more than one case
2024-07-13T19:06:49.314+05:30 DEBUG 36136 --- [EmployeemanagementSystem] [           main] o.h.e.j.env.spi.IdentifierHelperBuilder  : IdentifierCaseStrategy for both quoted and unquoted identifiers was set to the same strategy [MIXED]; that will likely lead to problems in schema update and validation if using quoted identifiers
2024-07-13T19:06:49.331+05:30 DEBUG 36136 --- [EmployeemanagementSystem] [           main] o.h.t.d.sql.spi.DdlTypeRegistry          : addDescriptor(12, org.hibernate.type.descriptor.sql.internal.CapacityDependentDdlType@4e5364a3) replaced previous registration(org.hibernate.type.descriptor.sql.internal.CapacityDependentDdlType@1a336906)
2024-07-13T19:06:49.331+05:30 DEBUG 36136 --- [EmployeemanagementSystem] [           main] o.h.t.d.sql.spi.DdlTypeRegistry          : addDescriptor(-9, org.hibernate.type.descriptor.sql.internal.CapacityDependentDdlType@62054faf) replaced previous registration(org.hibernate.type.descriptor.sql.internal.CapacityDependentDdlType@75d539b9)
2024-07-13T19:06:49.331+05:30 DEBUG 36136 --- [EmployeemanagementSystem] [           main] o.h.t.d.sql.spi.DdlTypeRegistry          : addDescriptor(-3, org.hibernate.type.descriptor.sql.internal.CapacityDependentDdlType@20f63ddc) replaced previous registration(org.hibernate.type.descriptor.sql.internal.CapacityDependentDdlType@210c1b9d)
2024-07-13T19:06:49.331+05:30 DEBUG 36136 --- [EmployeemanagementSystem] [           main] o.h.t.d.sql.spi.DdlTypeRegistry          : addDescriptor(4003, org.hibernate.type.descriptor.sql.internal.DdlTypeImpl@69bc4024) replaced previous registration(org.hibernate.type.descriptor.sql.internal.DdlTypeImpl@3578a45b)
2024-07-13T19:06:49.332+05:30 DEBUG 36136 --- [EmployeemanagementSystem] [           main] o.h.t.d.sql.spi.DdlTypeRegistry          : addDescriptor(4001, org.hibernate.type.descriptor.sql.internal.DdlTypeImpl@24f177f5) replaced previous registration(org.hibernate.type.descriptor.sql.internal.DdlTypeImpl@65e05005)
2024-07-13T19:06:49.332+05:30 DEBUG 36136 --- [EmployeemanagementSystem] [           main] o.h.t.d.sql.spi.DdlTypeRegistry          : addDescriptor(4002, org.hibernate.type.descriptor.sql.internal.DdlTypeImpl@6ed691fd) replaced previous registration(org.hibernate.type.descriptor.sql.internal.DdlTypeImpl@1efcba00)
2024-07-13T19:06:49.332+05:30 DEBUG 36136 --- [EmployeemanagementSystem] [           main] o.h.t.d.sql.spi.DdlTypeRegistry          : addDescriptor(2004, org.hibernate.type.descriptor.sql.internal.CapacityDependentDdlType@311d28f5) replaced previous registration(org.hibernate.type.descriptor.sql.internal.DdlTypeImpl@569a26ab)
2024-07-13T19:06:49.332+05:30 DEBUG 36136 --- [EmployeemanagementSystem] [           main] o.h.t.d.sql.spi.DdlTypeRegistry          : addDescriptor(2005, org.hibernate.type.descriptor.sql.internal.CapacityDependentDdlType@c190cfc) replaced previous registration(org.hibernate.type.descriptor.sql.internal.DdlTypeImpl@77ce8bc5)
2024-07-13T19:06:49.332+05:30 DEBUG 36136 --- [EmployeemanagementSystem] [           main] o.h.t.d.sql.spi.DdlTypeRegistry          : addDescriptor(2011, org.hibernate.type.descriptor.sql.internal.CapacityDependentDdlType@2fcc5f49) replaced previous registration(org.hibernate.type.descriptor.sql.internal.DdlTypeImpl@28e48b65)
2024-07-13T19:06:49.333+05:30 DEBUG 36136 --- [EmployeemanagementSystem] [           main] o.h.t.d.jdbc.spi.JdbcTypeRegistry        : addDescriptor(NCharTypeDescriptor) replaced previous registration(CharTypeDescriptor)
2024-07-13T19:06:49.333+05:30 DEBUG 36136 --- [EmployeemanagementSystem] [           main] o.h.t.d.jdbc.spi.JdbcTypeRegistry        : addDescriptor(NVarcharTypeDescriptor) replaced previous registration(VarcharTypeDescriptor)
2024-07-13T19:06:49.334+05:30 DEBUG 36136 --- [EmployeemanagementSystem] [           main] o.h.t.d.jdbc.spi.JdbcTypeRegistry        : addDescriptor(LongNVarcharTypeDescriptor) replaced previous registration(LongVarcharTypeDescriptor)
2024-07-13T19:06:49.335+05:30 DEBUG 36136 --- [EmployeemanagementSystem] [           main] o.h.t.d.jdbc.spi.JdbcTypeRegistry        : addDescriptor(NClobTypeDescriptor(DEFAULT)) replaced previous registration(ClobTypeDescriptor(DEFAULT))
2024-07-13T19:06:49.335+05:30 DEBUG 36136 --- [EmployeemanagementSystem] [           main] o.h.t.d.jdbc.spi.JdbcTypeRegistry        : addDescriptor(2005, ClobTypeDescriptor(STREAM_BINDING)) replaced previous registration(ClobTypeDescriptor(DEFAULT))
2024-07-13T19:06:49.341+05:30 DEBUG 36136 --- [EmployeemanagementSystem] [           main] org.hibernate.type.BasicTypeRegistry     : Adding type registration null -> org.hibernate.type.NullType@5bbf744b
2024-07-13T19:06:49.341+05:30 DEBUG 36136 --- [EmployeemanagementSystem] [           main] org.hibernate.type.BasicTypeRegistry     : Type registration key [null] overrode previous entry : `org.hibernate.type.NullType@c14e5a5`
2024-07-13T19:06:49.344+05:30 DEBUG 36136 --- [EmployeemanagementSystem] [           main] org.hibernate.type.BasicTypeRegistry     : Adding type registration org.hibernate.type.DurationType -> basicType@1(java.time.Duration,3015)
2024-07-13T19:06:49.344+05:30 DEBUG 36136 --- [EmployeemanagementSystem] [           main] org.hibernate.type.BasicTypeRegistry     : Adding type registration Duration -> basicType@1(java.time.Duration,3015)
2024-07-13T19:06:49.344+05:30 DEBUG 36136 --- [EmployeemanagementSystem] [           main] org.hibernate.type.BasicTypeRegistry     : Adding type registration java.time.Duration -> basicType@1(java.time.Duration,3015)
2024-07-13T19:06:49.346+05:30 DEBUG 36136 --- [EmployeemanagementSystem] [           main] org.hibernate.type.BasicTypeRegistry     : Adding type registration org.hibernate.type.OffsetDateTimeType -> basicType@2(java.time.OffsetDateTime,3003)
2024-07-13T19:06:49.346+05:30 DEBUG 36136 --- [EmployeemanagementSystem] [           main] org.hibernate.type.BasicTypeRegistry     : Adding type registration OffsetDateTime -> basicType@2(java.time.OffsetDateTime,3003)
2024-07-13T19:06:49.346+05:30 DEBUG 36136 --- [EmployeemanagementSystem] [           main] org.hibernate.type.BasicTypeRegistry     : Adding type registration java.time.OffsetDateTime -> basicType@2(java.time.OffsetDateTime,3003)
2024-07-13T19:06:49.346+05:30 DEBUG 36136 --- [EmployeemanagementSystem] [           main] org.hibernate.type.BasicTypeRegistry     : Adding type registration org.hibernate.type.ZonedDateTimeType -> basicType@3(java.time.ZonedDateTime,3003)
2024-07-13T19:06:49.346+05:30 DEBUG 36136 --- [EmployeemanagementSystem] [           main] org.hibernate.type.BasicTypeRegistry     : Adding type registration ZonedDateTime -> basicType@3(java.time.ZonedDateTime,3003)
2024-07-13T19:06:49.346+05:30 DEBUG 36136 --- [EmployeemanagementSystem] [           main] org.hibernate.type.BasicTypeRegistry     : Adding type registration java.time.ZonedDateTime -> basicType@3(java.time.ZonedDateTime,3003)
2024-07-13T19:06:49.347+05:30 DEBUG 36136 --- [EmployeemanagementSystem] [           main] org.hibernate.type.BasicTypeRegistry     : Adding type registration org.hibernate.type.OffsetTimeType -> basicType@4(java.time.OffsetTime,3007)
2024-07-13T19:06:49.347+05:30 DEBUG 36136 --- [EmployeemanagementSystem] [           main] org.hibernate.type.BasicTypeRegistry     : Adding type registration OffsetTime -> basicType@4(java.time.OffsetTime,3007)
2024-07-13T19:06:49.347+05:30 DEBUG 36136 --- [EmployeemanagementSystem] [           main] org.hibernate.type.BasicTypeRegistry     : Adding type registration java.time.OffsetTime -> basicType@4(java.time.OffsetTime,3007)
2024-07-13T19:06:49.348+05:30 DEBUG 36136 --- [EmployeemanagementSystem] [           main] o.h.type.spi.TypeConfiguration$Scope     : Scoping TypeConfiguration [org.hibernate.type.spi.TypeConfiguration@45dc7be] to MetadataBuildingContext [org.hibernate.boot.internal.MetadataBuildingContextRootImpl@2d459bda]
2024-07-13T19:06:49.370+05:30 DEBUG 36136 --- [EmployeemanagementSystem] [           main] o.h.boot.model.relational.Namespace      : Created database namespace [logicalName=Name{catalog=null, schema=null}, physicalName=Name{catalog=null, schema=null}]
2024-07-13T19:06:49.387+05:30 DEBUG 36136 --- [EmployeemanagementSystem] [           main] o.h.boot.model.internal.EntityBinder     : Binding entity from annotated class: com.org.EmployeemanagementSystem.entities.User
2024-07-13T19:06:49.391+05:30 DEBUG 36136 --- [EmployeemanagementSystem] [           main] o.h.boot.model.internal.EntityBinder     : Import with entity name User
2024-07-13T19:06:49.397+05:30 DEBUG 36136 --- [EmployeemanagementSystem] [           main] o.h.boot.model.internal.EntityBinder     : Bind entity com.org.EmployeemanagementSystem.entities.User on table employee_management
2024-07-13T19:06:49.416+05:30 DEBUG 36136 --- [EmployeemanagementSystem] [           main] o.h.boot.model.internal.AnnotatedColumn  : Binding column: AnnotatedDiscriminatorColumn(column='DTYPE')
2024-07-13T19:06:49.432+05:30 DEBUG 36136 --- [EmployeemanagementSystem] [           main] o.h.boot.model.internal.AnnotatedColumn  : Binding column: AnnotatedColumn()
2024-07-13T19:06:49.432+05:30 DEBUG 36136 --- [EmployeemanagementSystem] [           main] o.h.boot.internal.ClassLoaderAccessImpl  : Not known whether passed class name [com.org.EmployeemanagementSystem.entities.User] is safe
2024-07-13T19:06:49.432+05:30 DEBUG 36136 --- [EmployeemanagementSystem] [           main] o.h.boot.internal.ClassLoaderAccessImpl  : No temp ClassLoader provided; using live ClassLoader for loading potentially unsafe class : com.org.EmployeemanagementSystem.entities.User
2024-07-13T19:06:49.438+05:30 DEBUG 36136 --- [EmployeemanagementSystem] [           main] o.h.boot.model.internal.PropertyBinder   : MetadataSourceProcessor property employeeId with lazy=false
2024-07-13T19:06:49.441+05:30 DEBUG 36136 --- [EmployeemanagementSystem] [           main] o.h.b.m.internal.AbstractPropertyHolder  : Attempting to locate auto-apply AttributeConverter for property [com.org.EmployeemanagementSystem.entities.User:employeeId]
2024-07-13T19:06:49.445+05:30 DEBUG 36136 --- [EmployeemanagementSystem] [           main] o.h.b.model.internal.BasicValueBinder    : building BasicValue for employeeId
2024-07-13T19:06:49.447+05:30 DEBUG 36136 --- [EmployeemanagementSystem] [           main] org.hibernate.mapping.BasicValue         : Skipping column re-registration: employee_management.employee_id
2024-07-13T19:06:49.448+05:30 DEBUG 36136 --- [EmployeemanagementSystem] [           main] o.h.boot.model.internal.PropertyBinder   : Building property employeeId
2024-07-13T19:06:49.450+05:30 DEBUG 36136 --- [EmployeemanagementSystem] [           main] o.h.boot.model.internal.BinderHelper     : #makeIdGenerator(BasicValue([Column(employee_id)]), employeeId, org.hibernate.id.enhanced.SequenceStyleGenerator, , ...)
2024-07-13T19:06:49.451+05:30 DEBUG 36136 --- [EmployeemanagementSystem] [           main] o.h.boot.model.internal.AnnotatedColumn  : Binding column: AnnotatedColumn(column='company_name')
2024-07-13T19:06:49.452+05:30 DEBUG 36136 --- [EmployeemanagementSystem] [           main] o.h.boot.model.internal.PropertyBinder   : MetadataSourceProcessor property companyName with lazy=false
2024-07-13T19:06:49.452+05:30 DEBUG 36136 --- [EmployeemanagementSystem] [           main] o.h.b.m.internal.AbstractPropertyHolder  : Attempting to locate auto-apply AttributeConverter for property [com.org.EmployeemanagementSystem.entities.User:companyName]
2024-07-13T19:06:49.452+05:30 DEBUG 36136 --- [EmployeemanagementSystem] [           main] o.h.b.model.internal.BasicValueBinder    : building BasicValue for companyName
2024-07-13T19:06:49.452+05:30 DEBUG 36136 --- [EmployeemanagementSystem] [           main] org.hibernate.mapping.BasicValue         : Skipping column re-registration: employee_management.company_name
2024-07-13T19:06:49.452+05:30 DEBUG 36136 --- [EmployeemanagementSystem] [           main] o.h.boot.model.internal.PropertyBinder   : Building property companyName
2024-07-13T19:06:49.453+05:30 DEBUG 36136 --- [EmployeemanagementSystem] [           main] o.h.boot.model.internal.AnnotatedColumn  : Binding column: AnnotatedColumn(column='created_at')
2024-07-13T19:06:49.453+05:30 DEBUG 36136 --- [EmployeemanagementSystem] [           main] o.h.boot.model.internal.PropertyBinder   : MetadataSourceProcessor property createdAt with lazy=false
2024-07-13T19:06:49.453+05:30 DEBUG 36136 --- [EmployeemanagementSystem] [           main] o.h.b.m.internal.AbstractPropertyHolder  : Attempting to locate auto-apply AttributeConverter for property [com.org.EmployeemanagementSystem.entities.User:createdAt]
2024-07-13T19:06:49.453+05:30 DEBUG 36136 --- [EmployeemanagementSystem] [           main] o.h.b.model.internal.BasicValueBinder    : building BasicValue for createdAt
2024-07-13T19:06:49.453+05:30 DEBUG 36136 --- [EmployeemanagementSystem] [           main] org.hibernate.mapping.BasicValue         : Skipping column re-registration: employee_management.created_at
2024-07-13T19:06:49.453+05:30 DEBUG 36136 --- [EmployeemanagementSystem] [           main] o.h.boot.model.internal.PropertyBinder   : Building property createdAt
2024-07-13T19:06:49.453+05:30 DEBUG 36136 --- [EmployeemanagementSystem] [           main] o.h.boot.model.internal.AnnotatedColumn  : Binding column: AnnotatedColumn(column='email_id')
2024-07-13T19:06:49.453+05:30 DEBUG 36136 --- [EmployeemanagementSystem] [           main] o.h.boot.model.internal.PropertyBinder   : MetadataSourceProcessor property emailId with lazy=false
2024-07-13T19:06:49.453+05:30 DEBUG 36136 --- [EmployeemanagementSystem] [           main] o.h.b.m.internal.AbstractPropertyHolder  : Attempting to locate auto-apply AttributeConverter for property [com.org.EmployeemanagementSystem.entities.User:emailId]
2024-07-13T19:06:49.454+05:30 DEBUG 36136 --- [EmployeemanagementSystem] [           main] o.h.b.model.internal.BasicValueBinder    : building BasicValue for emailId
2024-07-13T19:06:49.454+05:30 DEBUG 36136 --- [EmployeemanagementSystem] [           main] org.hibernate.mapping.BasicValue         : Skipping column re-registration: employee_management.email_id
2024-07-13T19:06:49.454+05:30 DEBUG 36136 --- [EmployeemanagementSystem] [           main] o.h.boot.model.internal.PropertyBinder   : Building property emailId
2024-07-13T19:06:49.454+05:30 DEBUG 36136 --- [EmployeemanagementSystem] [           main] o.h.boot.model.internal.AnnotatedColumn  : Binding column: AnnotatedColumn(column='employee_age')
2024-07-13T19:06:49.454+05:30 DEBUG 36136 --- [EmployeemanagementSystem] [           main] o.h.boot.model.internal.PropertyBinder   : MetadataSourceProcessor property employeeAge with lazy=false
2024-07-13T19:06:49.454+05:30 DEBUG 36136 --- [EmployeemanagementSystem] [           main] o.h.b.m.internal.AbstractPropertyHolder  : Attempting to locate auto-apply AttributeConverter for property [com.org.EmployeemanagementSystem.entities.User:employeeAge]
2024-07-13T19:06:49.454+05:30 DEBUG 36136 --- [EmployeemanagementSystem] [           main] o.h.b.model.internal.BasicValueBinder    : building BasicValue for employeeAge
2024-07-13T19:06:49.454+05:30 DEBUG 36136 --- [EmployeemanagementSystem] [           main] org.hibernate.mapping.BasicValue         : Skipping column re-registration: employee_management.employee_age
2024-07-13T19:06:49.454+05:30 DEBUG 36136 --- [EmployeemanagementSystem] [           main] o.h.boot.model.internal.PropertyBinder   : Building property employeeAge
2024-07-13T19:06:49.454+05:30 DEBUG 36136 --- [EmployeemanagementSystem] [           main] o.h.boot.model.internal.AnnotatedColumn  : Binding column: AnnotatedColumn(column='enable')
2024-07-13T19:06:49.454+05:30 DEBUG 36136 --- [EmployeemanagementSystem] [           main] o.h.boot.model.internal.PropertyBinder   : MetadataSourceProcessor property enable with lazy=false
2024-07-13T19:06:49.455+05:30 DEBUG 36136 --- [EmployeemanagementSystem] [           main] o.h.b.m.internal.AbstractPropertyHolder  : Attempting to locate auto-apply AttributeConverter for property [com.org.EmployeemanagementSystem.entities.User:enable]
2024-07-13T19:06:49.455+05:30 DEBUG 36136 --- [EmployeemanagementSystem] [           main] o.h.b.model.internal.BasicValueBinder    : building BasicValue for enable
2024-07-13T19:06:49.455+05:30 DEBUG 36136 --- [EmployeemanagementSystem] [           main] org.hibernate.mapping.BasicValue         : Skipping column re-registration: employee_management.enable
2024-07-13T19:06:49.455+05:30 DEBUG 36136 --- [EmployeemanagementSystem] [           main] o.h.boot.model.internal.PropertyBinder   : Building property enable
2024-07-13T19:06:49.455+05:30 DEBUG 36136 --- [EmployeemanagementSystem] [           main] o.h.boot.model.internal.AnnotatedColumn  : Binding column: AnnotatedColumn(column='job_title')
2024-07-13T19:06:49.455+05:30 DEBUG 36136 --- [EmployeemanagementSystem] [           main] o.h.boot.model.internal.PropertyBinder   : MetadataSourceProcessor property jobTitle with lazy=false
2024-07-13T19:06:49.455+05:30 DEBUG 36136 --- [EmployeemanagementSystem] [           main] o.h.b.m.internal.AbstractPropertyHolder  : Attempting to locate auto-apply AttributeConverter for property [com.org.EmployeemanagementSystem.entities.User:jobTitle]
2024-07-13T19:06:49.455+05:30 DEBUG 36136 --- [EmployeemanagementSystem] [           main] o.h.b.model.internal.BasicValueBinder    : building BasicValue for jobTitle
2024-07-13T19:06:49.455+05:30 DEBUG 36136 --- [EmployeemanagementSystem] [           main] org.hibernate.mapping.BasicValue         : Skipping column re-registration: employee_management.job_title
2024-07-13T19:06:49.455+05:30 DEBUG 36136 --- [EmployeemanagementSystem] [           main] o.h.boot.model.internal.PropertyBinder   : Building property jobTitle
2024-07-13T19:06:49.455+05:30 DEBUG 36136 --- [EmployeemanagementSystem] [           main] o.h.boot.model.internal.AnnotatedColumn  : Binding column: AnnotatedColumn(column='mobile_number')
2024-07-13T19:06:49.455+05:30 DEBUG 36136 --- [EmployeemanagementSystem] [           main] o.h.boot.model.internal.PropertyBinder   : MetadataSourceProcessor property mobileNumber with lazy=false
2024-07-13T19:06:49.456+05:30 DEBUG 36136 --- [EmployeemanagementSystem] [           main] o.h.b.m.internal.AbstractPropertyHolder  : Attempting to locate auto-apply AttributeConverter for property [com.org.EmployeemanagementSystem.entities.User:mobileNumber]
2024-07-13T19:06:49.456+05:30 DEBUG 36136 --- [EmployeemanagementSystem] [           main] o.h.b.model.internal.BasicValueBinder    : building BasicValue for mobileNumber
2024-07-13T19:06:49.456+05:30 DEBUG 36136 --- [EmployeemanagementSystem] [           main] org.hibernate.mapping.BasicValue         : Skipping column re-registration: employee_management.mobile_number
2024-07-13T19:06:49.456+05:30 DEBUG 36136 --- [EmployeemanagementSystem] [           main] o.h.boot.model.internal.PropertyBinder   : Building property mobileNumber
2024-07-13T19:06:49.456+05:30 DEBUG 36136 --- [EmployeemanagementSystem] [           main] o.h.boot.model.internal.AnnotatedColumn  : Binding column: AnnotatedColumn(column='password')
2024-07-13T19:06:49.456+05:30 DEBUG 36136 --- [EmployeemanagementSystem] [           main] o.h.boot.model.internal.PropertyBinder   : MetadataSourceProcessor property password with lazy=false
2024-07-13T19:06:49.456+05:30 DEBUG 36136 --- [EmployeemanagementSystem] [           main] o.h.b.m.internal.AbstractPropertyHolder  : Attempting to locate auto-apply AttributeConverter for property [com.org.EmployeemanagementSystem.entities.User:password]
2024-07-13T19:06:49.456+05:30 DEBUG 36136 --- [EmployeemanagementSystem] [           main] o.h.b.model.internal.BasicValueBinder    : building BasicValue for password
2024-07-13T19:06:49.456+05:30 DEBUG 36136 --- [EmployeemanagementSystem] [           main] org.hibernate.mapping.BasicValue         : Skipping column re-registration: employee_management.password
2024-07-13T19:06:49.456+05:30 DEBUG 36136 --- [EmployeemanagementSystem] [           main] o.h.boot.model.internal.PropertyBinder   : Building property password
2024-07-13T19:06:49.456+05:30 DEBUG 36136 --- [EmployeemanagementSystem] [           main] o.h.boot.model.internal.AnnotatedColumn  : Binding column: AnnotatedColumn(column='role')
2024-07-13T19:06:49.457+05:30 DEBUG 36136 --- [EmployeemanagementSystem] [           main] o.h.boot.model.internal.PropertyBinder   : MetadataSourceProcessor property role with lazy=false
2024-07-13T19:06:49.457+05:30 DEBUG 36136 --- [EmployeemanagementSystem] [           main] o.h.b.m.internal.AbstractPropertyHolder  : Attempting to locate auto-apply AttributeConverter for property [com.org.EmployeemanagementSystem.entities.User:role]
2024-07-13T19:06:49.457+05:30 DEBUG 36136 --- [EmployeemanagementSystem] [           main] o.h.b.model.internal.BasicValueBinder    : building BasicValue for role
2024-07-13T19:06:49.457+05:30 DEBUG 36136 --- [EmployeemanagementSystem] [           main] org.hibernate.mapping.BasicValue         : Skipping column re-registration: employee_management.role
2024-07-13T19:06:49.457+05:30 DEBUG 36136 --- [EmployeemanagementSystem] [           main] o.h.boot.model.internal.PropertyBinder   : Building property role
2024-07-13T19:06:49.457+05:30 DEBUG 36136 --- [EmployeemanagementSystem] [           main] o.h.boot.model.internal.AnnotatedColumn  : Binding column: AnnotatedColumn(column='total_salary')
2024-07-13T19:06:49.457+05:30 DEBUG 36136 --- [EmployeemanagementSystem] [           main] o.h.boot.model.internal.PropertyBinder   : MetadataSourceProcessor property totalSalary with lazy=false
2024-07-13T19:06:49.457+05:30 DEBUG 36136 --- [EmployeemanagementSystem] [           main] o.h.b.m.internal.AbstractPropertyHolder  : Attempting to locate auto-apply AttributeConverter for property [com.org.EmployeemanagementSystem.entities.User:totalSalary]
2024-07-13T19:06:49.457+05:30 DEBUG 36136 --- [EmployeemanagementSystem] [           main] o.h.b.model.internal.BasicValueBinder    : building BasicValue for totalSalary
2024-07-13T19:06:49.457+05:30 DEBUG 36136 --- [EmployeemanagementSystem] [           main] org.hibernate.mapping.BasicValue         : Skipping column re-registration: employee_management.total_salary
2024-07-13T19:06:49.457+05:30 DEBUG 36136 --- [EmployeemanagementSystem] [           main] o.h.boot.model.internal.PropertyBinder   : Building property totalSalary
2024-07-13T19:06:49.457+05:30 DEBUG 36136 --- [EmployeemanagementSystem] [           main] o.h.boot.model.internal.AnnotatedColumn  : Binding column: AnnotatedColumn(column='updated_at')
2024-07-13T19:06:49.458+05:30 DEBUG 36136 --- [EmployeemanagementSystem] [           main] o.h.boot.model.internal.PropertyBinder   : MetadataSourceProcessor property updatedAt with lazy=false
2024-07-13T19:06:49.458+05:30 DEBUG 36136 --- [EmployeemanagementSystem] [           main] o.h.b.m.internal.AbstractPropertyHolder  : Attempting to locate auto-apply AttributeConverter for property [com.org.EmployeemanagementSystem.entities.User:updatedAt]
2024-07-13T19:06:49.458+05:30 DEBUG 36136 --- [EmployeemanagementSystem] [           main] o.h.b.model.internal.BasicValueBinder    : building BasicValue for updatedAt
2024-07-13T19:06:49.458+05:30 DEBUG 36136 --- [EmployeemanagementSystem] [           main] org.hibernate.mapping.BasicValue         : Skipping column re-registration: employee_management.updated_at
2024-07-13T19:06:49.458+05:30 DEBUG 36136 --- [EmployeemanagementSystem] [           main] o.h.boot.model.internal.PropertyBinder   : Building property updatedAt
2024-07-13T19:06:49.458+05:30 DEBUG 36136 --- [EmployeemanagementSystem] [           main] o.h.boot.model.internal.AnnotatedColumn  : Binding column: AnnotatedColumn(column='user_name')
2024-07-13T19:06:49.458+05:30 DEBUG 36136 --- [EmployeemanagementSystem] [           main] o.h.boot.model.internal.PropertyBinder   : MetadataSourceProcessor property username with lazy=false
2024-07-13T19:06:49.458+05:30 DEBUG 36136 --- [EmployeemanagementSystem] [           main] o.h.b.m.internal.AbstractPropertyHolder  : Attempting to locate auto-apply AttributeConverter for property [com.org.EmployeemanagementSystem.entities.User:username]
2024-07-13T19:06:49.458+05:30 DEBUG 36136 --- [EmployeemanagementSystem] [           main] o.h.b.model.internal.BasicValueBinder    : building BasicValue for username
2024-07-13T19:06:49.458+05:30 DEBUG 36136 --- [EmployeemanagementSystem] [           main] org.hibernate.mapping.BasicValue         : Skipping column re-registration: employee_management.user_name
2024-07-13T19:06:49.458+05:30 DEBUG 36136 --- [EmployeemanagementSystem] [           main] o.h.boot.model.internal.PropertyBinder   : Building property username
2024-07-13T19:06:49.459+05:30 DEBUG 36136 --- [EmployeemanagementSystem] [           main] o.h.b.r.c.i.ClassLoaderServiceImpl       : HHH000194: Package not found or no package-info.java: com.org.EmployeemanagementSystem.entities
2024-07-13T19:06:49.465+05:30 DEBUG 36136 --- [EmployeemanagementSystem] [           main] o.h.b.model.internal.BasicValueBinder    : Starting `BasicValueBinder#fillSimpleValue` for employeeId
2024-07-13T19:06:49.474+05:30 DEBUG 36136 --- [EmployeemanagementSystem] [           main] o.h.b.model.internal.BasicValueBinder    : Starting `BasicValueBinder#fillSimpleValue` for companyName
2024-07-13T19:06:49.474+05:30 DEBUG 36136 --- [EmployeemanagementSystem] [           main] o.h.b.model.internal.BasicValueBinder    : Starting `BasicValueBinder#fillSimpleValue` for createdAt
2024-07-13T19:06:49.474+05:30 DEBUG 36136 --- [EmployeemanagementSystem] [           main] o.h.b.model.internal.BasicValueBinder    : Starting `BasicValueBinder#fillSimpleValue` for emailId
2024-07-13T19:06:49.474+05:30 DEBUG 36136 --- [EmployeemanagementSystem] [           main] o.h.b.model.internal.BasicValueBinder    : Starting `BasicValueBinder#fillSimpleValue` for employeeAge
2024-07-13T19:06:49.474+05:30 DEBUG 36136 --- [EmployeemanagementSystem] [           main] o.h.b.model.internal.BasicValueBinder    : Starting `BasicValueBinder#fillSimpleValue` for enable
2024-07-13T19:06:49.474+05:30 DEBUG 36136 --- [EmployeemanagementSystem] [           main] o.h.b.model.internal.BasicValueBinder    : Starting `BasicValueBinder#fillSimpleValue` for jobTitle
2024-07-13T19:06:49.474+05:30 DEBUG 36136 --- [EmployeemanagementSystem] [           main] o.h.b.model.internal.BasicValueBinder    : Starting `BasicValueBinder#fillSimpleValue` for mobileNumber
2024-07-13T19:06:49.474+05:30 DEBUG 36136 --- [EmployeemanagementSystem] [           main] o.h.b.model.internal.BasicValueBinder    : Starting `BasicValueBinder#fillSimpleValue` for password
2024-07-13T19:06:49.474+05:30 DEBUG 36136 --- [EmployeemanagementSystem] [           main] o.h.b.model.internal.BasicValueBinder    : Starting `BasicValueBinder#fillSimpleValue` for role
2024-07-13T19:06:49.476+05:30 DEBUG 36136 --- [EmployeemanagementSystem] [           main] o.h.b.model.internal.BasicValueBinder    : Starting `BasicValueBinder#fillSimpleValue` for totalSalary
2024-07-13T19:06:49.476+05:30 DEBUG 36136 --- [EmployeemanagementSystem] [           main] o.h.b.model.internal.BasicValueBinder    : Starting `BasicValueBinder#fillSimpleValue` for updatedAt
2024-07-13T19:06:49.476+05:30 DEBUG 36136 --- [EmployeemanagementSystem] [           main] o.h.b.model.internal.BasicValueBinder    : Starting `BasicValueBinder#fillSimpleValue` for username
2024-07-13T19:06:49.478+05:30 DEBUG 36136 --- [EmployeemanagementSystem] [           main] org.hibernate.mapping.PrimaryKey         : Forcing column [employee_id] to be non-null as it is part of the primary key for table [employee_management]
2024-07-13T19:06:49.547+05:30 DEBUG 36136 --- [EmployeemanagementSystem] [           main] o.hibernate.internal.SessionFactoryImpl  : Building session factory
2024-07-13T19:06:49.575+05:30 DEBUG 36136 --- [EmployeemanagementSystem] [           main] .h.s.i.SessionFactoryServiceRegistryImpl : EventListenerRegistry access via ServiceRegistry is deprecated.  Use `sessionFactory.getEventEngine().getListenerRegistry()` instead
2024-07-13T19:06:49.575+05:30 DEBUG 36136 --- [EmployeemanagementSystem] [           main] o.hibernate.internal.SessionFactoryImpl  : Instantiating SessionFactory with settings: {hibernate.format_sql=true, java.specification.version=17, hibernate.resource.beans.container=org.springframework.orm.hibernate5.SpringBeanContainer@6cb662e8, hibernate.connection.handling_mode=DELAYED_ACQUISITION_AND_HOLD, sun.jnu.encoding=UTF-8, hibernate.dialect=org.hibernate.dialect.MySQLDialect, hibernate.implicit_naming_strategy=org.springframework.boot.orm.jpa.hibernate.SpringImplicitNamingStrategy, java.class.path=/home/ashutosh/Downloads/EmployeemanagementSystem/target/test-classes:/home/ashutosh/Downloads/EmployeemanagementSystem/target/classes:/home/ashutosh/.m2/repository/org/springframework/boot/spring-boot-starter-data-jpa/3.3.1/spring-boot-starter-data-jpa-3.3.1.jar:/home/ashutosh/.m2/repository/org/springframework/boot/spring-boot-starter-aop/3.3.1/spring-boot-starter-aop-3.3.1.jar:/home/ashutosh/.m2/repository/org/aspectj/aspectjweaver/1.9.22/aspectjweaver-1.9.22.jar:/home/ashutosh/.m2/repository/org/springframework/boot/spring-boot-starter-jdbc/3.3.1/spring-boot-starter-jdbc-3.3.1.jar:/home/ashutosh/.m2/repository/com/zaxxer/HikariCP/5.1.0/HikariCP-5.1.0.jar:/home/ashutosh/.m2/repository/org/springframework/spring-jdbc/6.1.10/spring-jdbc-6.1.10.jar:/home/ashutosh/.m2/repository/org/hibernate/orm/hibernate-core/6.5.2.Final/hibernate-core-6.5.2.Final.jar:/home/ashutosh/.m2/repository/jakarta/persistence/jakarta.persistence-api/3.1.0/jakarta.persistence-api-3.1.0.jar:/home/ashutosh/.m2/repository/jakarta/transaction/jakarta.transaction-api/2.0.1/jakarta.transaction-api-2.0.1.jar:/home/ashutosh/.m2/repository/org/jboss/logging/jboss-logging/3.5.3.Final/jboss-logging-3.5.3.Final.jar:/home/ashutosh/.m2/repository/org/hibernate/common/hibernate-commons-annotations/6.0.6.Final/hibernate-commons-annotations-6.0.6.Final.jar:/home/ashutosh/.m2/repository/io/smallrye/jandex/3.1.2/jandex-3.1.2.jar:/home/ashutosh/.m2/repository/com/fasterxml/classmate/1.7.0/classmate-1.7.0.jar:/home/ashutosh/.m2/repository/net/bytebuddy/byte-buddy/1.14.17/byte-buddy-1.14.17.jar:/home/ashutosh/.m2/repository/org/glassfish/jaxb/jaxb-runtime/4.0.5/jaxb-runtime-4.0.5.jar:/home/ashutosh/.m2/repository/org/glassfish/jaxb/jaxb-core/4.0.5/jaxb-core-4.0.5.jar:/home/ashutosh/.m2/repository/org/glassfish/jaxb/txw2/4.0.5/txw2-4.0.5.jar:/home/ashutosh/.m2/repository/com/sun/istack/istack-commons-runtime/4.1.2/istack-commons-runtime-4.1.2.jar:/home/ashutosh/.m2/repository/jakarta/inject/jakarta.inject-api/2.0.1/jakarta.inject-api-2.0.1.jar:/home/ashutosh/.m2/repository/org/antlr/antlr4-runtime/4.13.0/antlr4-runtime-4.13.0.jar:/home/ashutosh/.m2/repository/org/springframework/data/spring-data-jpa/3.3.1/spring-data-jpa-3.3.1.jar:/home/ashutosh/.m2/repository/org/springframework/data/spring-data-commons/3.3.1/spring-data-commons-3.3.1.jar:/home/ashutosh/.m2/repository/org/springframework/spring-orm/6.1.10/spring-orm-6.1.10.jar:/home/ashutosh/.m2/repository/org/springframework/spring-context/6.1.10/spring-context-6.1.10.jar:/home/ashutosh/.m2/repository/org/springframework/spring-tx/6.1.10/spring-tx-6.1.10.jar:/home/ashutosh/.m2/repository/org/springframework/spring-beans/6.1.10/spring-beans-6.1.10.jar:/home/ashutosh/.m2/repository/jakarta/annotation/jakarta.annotation-api/2.1.1/jakarta.annotation-api-2.1.1.jar:/home/ashutosh/.m2/repository/org/slf4j/slf4j-api/2.0.13/slf4j-api-2.0.13.jar:/home/ashutosh/.m2/repository/org/springframework/spring-aspects/6.1.10/spring-aspects-6.1.10.jar:/home/ashutosh/.m2/repository/org/springframework/boot/spring-boot-starter-thymeleaf/3.3.1/spring-boot-starter-thymeleaf-3.3.1.jar:/home/ashutosh/.m2/repository/org/springframework/boot/spring-boot-starter/3.3.1/spring-boot-starter-3.3.1.jar:/home/ashutosh/.m2/repository/org/springframework/boot/spring-boot/3.3.1/spring-boot-3.3.1.jar:/home/ashutosh/.m2/repository/org/springframework/boot/spring-boot-autoconfigure/3.3.1/spring-boot-autoconfigure-3.3.1.jar:/home/ashutosh/.m2/repository/org/springframework/boot/spring-boot-starter-logging/3.3.1/spring-boot-starter-logging-3.3.1.jar:/home/ashutosh/.m2/repository/ch/qos/logback/logback-classic/1.5.6/logback-classic-1.5.6.jar:/home/ashutosh/.m2/repository/ch/qos/logback/logback-core/1.5.6/logback-core-1.5.6.jar:/home/ashutosh/.m2/repository/org/apache/logging/log4j/log4j-to-slf4j/2.23.1/log4j-to-slf4j-2.23.1.jar:/home/ashutosh/.m2/repository/org/apache/logging/log4j/log4j-api/2.23.1/log4j-api-2.23.1.jar:/home/ashutosh/.m2/repository/org/slf4j/jul-to-slf4j/2.0.13/jul-to-slf4j-2.0.13.jar:/home/ashutosh/.m2/repository/org/yaml/snakeyaml/2.2/snakeyaml-2.2.jar:/home/ashutosh/.m2/repository/org/thymeleaf/thymeleaf-spring6/3.1.2.RELEASE/thymeleaf-spring6-3.1.2.RELEASE.jar:/home/ashutosh/.m2/repository/org/thymeleaf/thymeleaf/3.1.2.RELEASE/thymeleaf-3.1.2.RELEASE.jar:/home/ashutosh/.m2/repository/org/attoparser/attoparser/2.0.7.RELEASE/attoparser-2.0.7.RELEASE.jar:/home/ashutosh/.m2/repository/org/unbescape/unbescape/1.1.6.RELEASE/unbescape-1.1.6.RELEASE.jar:/home/ashutosh/.m2/repository/org/springframework/boot/spring-boot-starter-validation/3.3.1/spring-boot-starter-validation-3.3.1.jar:/home/ashutosh/.m2/repository/org/apache/tomcat/embed/tomcat-embed-el/10.1.25/tomcat-embed-el-10.1.25.jar:/home/ashutosh/.m2/repository/org/hibernate/validator/hibernate-validator/8.0.1.Final/hibernate-validator-8.0.1.Final.jar:/home/ashutosh/.m2/repository/jakarta/validation/jakarta.validation-api/3.0.2/jakarta.validation-api-3.0.2.jar:/home/ashutosh/.m2/repository/org/springframework/boot/spring-boot-starter-web/3.3.1/spring-boot-starter-web-3.3.1.jar:/home/ashutosh/.m2/repository/org/springframework/boot/spring-boot-starter-json/3.3.1/spring-boot-starter-json-3.3.1.jar:/home/ashutosh/.m2/repository/com/fasterxml/jackson/datatype/jackson-datatype-jdk8/2.17.1/jackson-datatype-jdk8-2.17.1.jar:/home/ashutosh/.m2/repository/com/fasterxml/jackson/datatype/jackson-datatype-jsr310/2.17.1/jackson-datatype-jsr310-2.17.1.jar:/home/ashutosh/.m2/repository/com/fasterxml/jackson/module/jackson-module-parameter-names/2.17.1/jackson-module-parameter-names-2.17.1.jar:/home/ashutosh/.m2/repository/org/springframework/boot/spring-boot-starter-tomcat/3.3.1/spring-boot-starter-tomcat-3.3.1.jar:/home/ashutosh/.m2/repository/org/apache/tomcat/embed/tomcat-embed-core/10.1.25/tomcat-embed-core-10.1.25.jar:/home/ashutosh/.m2/repository/org/apache/tomcat/embed/tomcat-embed-websocket/10.1.25/tomcat-embed-websocket-10.1.25.jar:/home/ashutosh/.m2/repository/org/springframework/spring-web/6.1.10/spring-web-6.1.10.jar:/home/ashutosh/.m2/repository/io/micrometer/micrometer-observation/1.13.1/micrometer-observation-1.13.1.jar:/home/ashutosh/.m2/repository/io/micrometer/micrometer-commons/1.13.1/micrometer-commons-1.13.1.jar:/home/ashutosh/.m2/repository/org/springframework/spring-webmvc/6.1.10/spring-webmvc-6.1.10.jar:/home/ashutosh/.m2/repository/org/springframework/spring-expression/6.1.10/spring-expression-6.1.10.jar:/home/ashutosh/.m2/repository/org/springframework/boot/spring-boot-starter-web-services/3.3.1/spring-boot-starter-web-services-3.3.1.jar:/home/ashutosh/.m2/repository/com/sun/xml/messaging/saaj/saaj-impl/3.0.4/saaj-impl-3.0.4.jar:/home/ashutosh/.m2/repository/jakarta/xml/soap/jakarta.xml.soap-api/3.0.2/jakarta.xml.soap-api-3.0.2.jar:/home/ashutosh/.m2/repository/org/jvnet/staxex/stax-ex/2.1.0/stax-ex-2.1.0.jar:/home/ashutosh/.m2/repository/jakarta/activation/jakarta.activation-api/2.1.3/
[...]
	at org.springframework.beans.factory.annotation.InjectionMetadata.inject(InjectionMetadata.java:145) ~[spring-beans-6.1.10.jar:6.1.10]
	at org.springframework.beans.factory.annotation.AutowiredAnnotationBeanPostProcessor.postProcessProperties(AutowiredAnnotationBeanPostProcessor.java:508) ~[spring-beans-6.1.10.jar:6.1.10]
	at org.springframework.beans.factory.support.AbstractAutowireCapableBeanFactory.populateBean(AbstractAutowireCapableBeanFactory.java:1421) ~[spring-beans-6.1.10.jar:6.1.10]
	at org.springframework.beans.factory.support.AbstractAutowireCapableBeanFactory.doCreateBean(AbstractAutowireCapableBeanFactory.java:599) ~[spring-beans-6.1.10.jar:6.1.10]
	at org.springframework.beans.factory.support.AbstractAutowireCapableBeanFactory.createBean(AbstractAutowireCapableBeanFactory.java:522) ~[spring-beans-6.1.10.jar:6.1.10]
	at org.springframework.beans.factory.support.AbstractBeanFactory.lambda$doGetBean$0(AbstractBeanFactory.java:337) ~[spring-beans-6.1.10.jar:6.1.10]
	at org.springframework.beans.factory.support.DefaultSingletonBeanRegistry.getSingleton(DefaultSingletonBeanRegistry.java:234) ~[spring-beans-6.1.10.jar:6.1.10]
	at org.springframework.beans.factory.support.AbstractBeanFactory.doGetBean(AbstractBeanFactory.java:335) ~[spring-beans-6.1.10.jar:6.1.10]
	at org.springframework.beans.factory.support.AbstractBeanFactory.getBean(AbstractBeanFactory.java:200) ~[spring-beans-6.1.10.jar:6.1.10]
	at org.springframework.beans.factory.support.DefaultListableBeanFactory.preInstantiateSingletons(DefaultListableBeanFactory.java:975) ~[spring-beans-6.1.10.jar:6.1.10]
	at org.springframework.context.support.AbstractApplicationContext.finishBeanFactoryInitialization(AbstractApplicationContext.java:962) ~[spring-context-6.1.10.jar:6.1.10]
	at org.springframework.context.support.AbstractApplicationContext.refresh(AbstractApplicationContext.java:624) ~[spring-context-6.1.10.jar:6.1.10]
	at org.springframework.boot.SpringApplication.refresh(SpringApplication.java:754) ~[spring-boot-3.3.1.jar:3.3.1]
	at org.springframework.boot.SpringApplication.refreshContext(SpringApplication.java:456) ~[spring-boot-3.3.1.jar:3.3.1]
	at org.springframework.boot.SpringApplication.run(SpringApplication.java:335) ~[spring-boot-3.3.1.jar:3.3.1]
	at org.springframework.boot.test.context.SpringBootContextLoader.lambda$loadContext$3(SpringBootContextLoader.java:137) ~[spring-boot-test-3.3.1.jar:3.3.1]
	at org.springframework.util.function.ThrowingSupplier.get(ThrowingSupplier.java:58) ~[spring-core-6.1.10.jar:6.1.10]
	at org.springframework.util.function.ThrowingSupplier.get(ThrowingSupplier.java:46) ~[spring-core-6.1.10.jar:6.1.10]
	at org.springframework.boot.SpringApplication.withHook(SpringApplication.java:1463) ~[spring-boot-3.3.1.jar:3.3.1]
	at org.springframework.boot.test.context.SpringBootContextLoader$ContextLoaderHook.run(SpringBootContextLoader.java:553) ~[spring-boot-test-3.3.1.jar:3.3.1]
	at org.springframework.boot.test.context.SpringBootContextLoader.loadContext(SpringBootContextLoader.java:137) ~[spring-boot-test-3.3.1.jar:3.3.1]
	at org.springframework.boot.test.context.SpringBootContextLoader.loadContext(SpringBootContextLoader.java:108) ~[spring-boot-test-3.3.1.jar:3.3.1]
	at org.springframework.test.context.cache.DefaultCacheAwareContextLoaderDelegate.loadContextInternal(DefaultCacheAwareContextLoaderDelegate.java:225) ~[spring-test-6.1.10.jar:6.1.10]
	at org.springframework.test.context.cache.DefaultCacheAwareContextLoaderDelegate.loadContext(DefaultCacheAwareContextLoaderDelegate.java:152) ~[spring-test-6.1.10.jar:6.1.10]
	at org.springframework.test.context.support.DefaultTestContext.getApplicationContext(DefaultTestContext.java:130) ~[spring-test-6.1.10.jar:6.1.10]
	at org.springframework.test.context.web.ServletTestExecutionListener.setUpRequestContextIfNecessary(ServletTestExecutionListener.java:191) ~[spring-test-6.1.10.jar:6.1.10]
	at org.springframework.test.context.web.ServletTestExecutionListener.prepareTestInstance(ServletTestExecutionListener.java:130) ~[spring-test-6.1.10.jar:6.1.10]
	at org.springframework.test.context.TestContextManager.prepareTestInstance(TestContextManager.java:260) ~[spring-test-6.1.10.jar:6.1.10]
	at org.springframework.test.context.junit.jupiter.SpringExtension.postProcessTestInstance(SpringExtension.java:163) ~[spring-test-6.1.10.jar:6.1.10]
	at org.junit.jupiter.engine.descriptor.ClassBasedTestDescriptor.lambda$invokeTestInstancePostProcessors$10(ClassBasedTestDescriptor.java:378) ~[junit-jupiter-engine-5.10.2.jar:5.10.2]
	at org.junit.jupiter.engine.descriptor.ClassBasedTestDescriptor.executeAndMaskThrowable(ClassBasedTestDescriptor.java:383) ~[junit-jupiter-engine-5.10.2.jar:5.10.2]
	at org.junit.jupiter.engine.descriptor.ClassBasedTestDescriptor.lambda$invokeTestInstancePostProcessors$11(ClassBasedTestDescriptor.java:378) ~[junit-jupiter-engine-5.10.2.jar:5.10.2]
	at java.base/java.util.stream.ReferencePipeline$3$1.accept(ReferencePipeline.java:197) ~[na:na]
	at java.base/java.util.stream.ReferencePipeline$2$1.accept(ReferencePipeline.java:179) ~[na:na]
	at java.base/java.util.ArrayList$ArrayListSpliterator.forEachRemaining(ArrayList.java:1625) ~[na:na]
	at java.base/java.util.stream.AbstractPipeline.copyInto(AbstractPipeline.java:509) ~[na:na]
	at java.base/java.util.stream.AbstractPipeline.wrapAndCopyInto(AbstractPipeline.java:499) ~[na:na]
	at java.base/java.util.stream.StreamSpliterators$WrappingSpliterator.forEachRemaining(StreamSpliterators.java:310) ~[na:na]
	at java.base/java.util.stream.Streams$ConcatSpliterator.forEachRemaining(Streams.java:735) ~[na:na]
	at java.base/java.util.stream.Streams$ConcatSpliterator.forEachRemaining(Streams.java:734) ~[na:na]
	at java.base/java.util.stream.ReferencePipeline$Head.forEach(ReferencePipeline.java:762) ~[na:na]
	at org.junit.jupiter.engine.descriptor.ClassBasedTestDescriptor.invokeTestInstancePostProcessors(ClassBasedTestDescriptor.java:377) ~[junit-jupiter-engine-5.10.2.jar:5.10.2]
	at org.junit.jupiter.engine.descriptor.ClassBasedTestDescriptor.lambda$instantiateAndPostProcessTestInstance$6(ClassBasedTestDescriptor.java:290) ~[junit-jupiter-engine-5.10.2.jar:5.10.2]
	at org.junit.platform.engine.support.hierarchical.ThrowableCollector.execute(ThrowableCollector.java:73) ~[junit-platform-engine-1.10.2.jar:1.10.2]
	at org.junit.jupiter.engine.descriptor.ClassBasedTestDescriptor.instantiateAndPostProcessTestInstance(ClassBasedTestDescriptor.java:289) ~[junit-jupiter-engine-5.10.2.jar:5.10.2]
	at org.junit.jupiter.engine.descriptor.ClassBasedTestDescriptor.lambda$testInstancesProvider$4(ClassBasedTestDescriptor.java:279) ~[junit-jupiter-engine-5.10.2.jar:5.10.2]
	at java.base/java.util.Optional.orElseGet(Optional.java:364) ~[na:na]
	at org.junit.jupiter.engine.descriptor.ClassBasedTestDescriptor.lambda$testInstancesProvider$5(ClassBasedTestDescriptor.java:278) ~[junit-jupiter-engine-5.10.2.jar:5.10.2]
	at org.junit.jupiter.engine.execution.TestInstancesProvider.getTestInstances(TestInstancesProvider.java:31) ~[junit-jupiter-engine-5.10.2.jar:5.10.2]
	at org.junit.jupiter.engine.descriptor.TestMethodTestDescriptor.lambda$prepare$0(TestMethodTestDescriptor.java:106) ~[junit-jupiter-engine-5.10.2.jar:5.10.2]
	at org.junit.platform.engine.support.hierarchical.ThrowableCollector.execute(ThrowableCollector.java:73) ~[junit-platform-engine-1.10.2.jar:1.10.2]
	at org.junit.jupiter.engine.descriptor.TestMethodTestDescriptor.prepare(TestMethodTestDescriptor.java:105) ~[junit-jupiter-engine-5.10.2.jar:5.10.2]
	at org.junit.jupiter.engine.descriptor.TestMethodTestDescriptor.prepare(TestMethodTestDescriptor.java:69) ~[junit-jupiter-engine-5.10.2.jar:5.10.2]
	at org.junit.platform.engine.support.hierarchical.NodeTestTask.lambda$prepare$2(NodeTestTask.java:123) ~[junit-platform-engine-1.10.2.jar:1.10.2]
	at org.junit.platform.engine.support.hierarchical.ThrowableCollector.execute(ThrowableCollector.java:73) ~[junit-platform-engine-1.10.2.jar:1.10.2]
	at org.junit.platform.engine.support.hierarchical.NodeTestTask.prepare(NodeTestTask.java:123) ~[junit-platform-engine-1.10.2.jar:1.10.2]
	at org.junit.platform.engine.support.hierarchical.NodeTestTask.execute(NodeTestTask.java:90) ~[junit-platform-engine-1.10.2.jar:1.10.2]
	at java.base/java.util.ArrayList.forEach(ArrayList.java:1511) ~[na:na]
	at org.junit.platform.engine.support.hierarchical.SameThreadHierarchicalTestExecutorService.invokeAll(SameThreadHierarchicalTestExecutorService.java:41) ~[junit-platform-engine-1.10.2.jar:1.10.2]
	at org.junit.platform.engine.support.hierarchical.NodeTestTask.lambda$executeRecursively$6(NodeTestTask.java:155) ~[junit-platform-engine-1.10.2.jar:1.10.2]
	at org.junit.platform.engine.support.hierarchical.ThrowableCollector.execute(ThrowableCollector.java:73) ~[junit-platform-engine-1.10.2.jar:1.10.2]
	at org.junit.platform.engine.support.hierarchical.NodeTestTask.lambda$executeRecursively$8(NodeTestTask.java:141) ~[junit-platform-engine-1.10.2.jar:1.10.2]
	at org.junit.platform.engine.support.hierarchical.Node.around(Node.java:137) ~[junit-platform-engine-1.10.2.jar:1.10.2]
	at org.junit.platform.engine.support.hierarchical.NodeTestTask.lambda$executeRecursively$9(NodeTestTask.java:139) ~[junit-platform-engine-1.10.2.jar:1.10.2]
	at org.junit.platform.engine.support.hierarchical.ThrowableCollector.execute(ThrowableCollector.java:73) ~[junit-platform-engine-1.10.2.jar:1.10.2]
	at org.junit.platform.engine.support.hierarchical.NodeTestTask.executeRecursively(NodeTestTask.java:138) ~[junit-platform-engine-1.10.2.jar:1.10.2]
	at org.junit.platform.engine.support.hierarchical.NodeTestTask.execute(NodeTestTask.java:95) ~[junit-platform-engine-1.10.2.jar:1.10.2]
	at java.base/java.util.ArrayList.forEach(ArrayList.java:1511) ~[na:na]
	at org.junit.platform.engine.support.hierarchical.SameThreadHierarchicalTestExecutorService.invokeAll(SameThreadHierarchicalTestExecutorService.java:41) ~[junit-platform-engine-1.10.2.jar:1.10.2]
	at org.junit.platform.engine.support.hierarchical.NodeTestTask.lambda$executeRecursively$6(NodeTestTask.java:155) ~[junit-platform-engine-1.10.2.jar:1.10.2]
	at org.junit.platform.engine.support.hierarchical.ThrowableCollector.execute(ThrowableCollector.java:73) ~[junit-platform-engine-1.10.2.jar:1.10.2]
	at org.junit.platform.engine.support.hierarchical.NodeTestTask.lambda$executeRecursively$8(NodeTestTask.java:141) ~[junit-platform-engine-1.10.2.jar:1.10.2]
	at org.junit.platform.engine.support.hierarchical.Node.around(Node.java:137) ~[junit-platform-engine-1.10.2.jar:1.10.2]
	at org.junit.platform.engine.support.hierarchical.NodeTestTask.lambda$executeRecursively$9(NodeTestTask.java:139) ~[junit-platform-engine-1.10.2.jar:1.10.2]
	at org.junit.platform.engine.support.hierarchical.ThrowableCollector.execute(ThrowableCollector.java:73) ~[junit-platform-engine-1.10.2.jar:1.10.2]
	at org.junit.platform.engine.support.hierarchical.NodeTestTask.executeRecursively(NodeTestTask.java:138) ~[junit-platform-engine-1.10.2.jar:1.10.2]
	at org.junit.platform.engine.support.hierarchical.NodeTestTask.execute(NodeTestTask.java:95) ~[junit-platform-engine-1.10.2.jar:1.10.2]
	at org.junit.platform.engine.support.hierarchical.SameThreadHierarchicalTestExecutorService.submit(SameThreadHierarchicalTestExecutorService.java:35) ~[junit-platform-engine-1.10.2.jar:1.10.2]
	at org.junit.platform.engine.support.hierarchical.HierarchicalTestExecutor.execute(HierarchicalTestExecutor.java:57) ~[junit-platform-engine-1.10.2.jar:1.10.2]
	at org.junit.platform.engine.support.hierarchical.HierarchicalTestEngine.execute(HierarchicalTestEngine.java:54) ~[junit-platform-engine-1.10.2.jar:1.10.2]
	at org.junit.platform.launcher.core.EngineExecutionOrchestrator.execute(EngineExecutionOrchestrator.java:198) ~[junit-platform-launcher-1.10.2.jar:1.10.2]
	at org.junit.platform.launcher.core.EngineExecutionOrchestrator.execute(EngineExecutionOrchestrator.java:169) ~[junit-platform-launcher-1.10.2.jar:1.10.2]
	at org.junit.platform.launcher.core.EngineExecutionOrchestrator.execute(EngineExecutionOrchestrator.java:93) ~[junit-platform-launcher-1.10.2.jar:1.10.2]
	at org.junit.platform.launcher.core.EngineExecutionOrchestrator.lambda$execute$0(EngineExecutionOrchestrator.java:58) ~[junit-platform-launcher-1.10.2.jar:1.10.2]
	at org.junit.platform.launcher.core.EngineExecutionOrchestrator.withInterceptedStreams(EngineExecutionOrchestrator.java:141) ~[junit-platform-launcher-1.10.2.jar:1.10.2]
	at org.junit.platform.launcher.core.EngineExecutionOrchestrator.execute(EngineExecutionOrchestrator.java:57) ~[junit-platform-launcher-1.10.2.jar:1.10.2]
	at org.junit.platform.launcher.core.DefaultLauncher.execute(DefaultLauncher.java:103) ~[junit-platform-launcher-1.10.2.jar:1.10.2]
	at org.junit.platform.launcher.core.DefaultLauncher.execute(DefaultLauncher.java:85) ~[junit-platform-launcher-1.10.2.jar:1.10.2]
	at org.junit.platform.launcher.core.DelegatingLauncher.execute(DelegatingLauncher.java:47) ~[junit-platform-launcher-1.10.2.jar:1.10.2]
	at org.apache.maven.surefire.junitplatform.LazyLauncher.execute(LazyLauncher.java:56) ~[surefire-junit-platform-3.2.5.jar:3.2.5]
	at org.apache.maven.surefire.junitplatform.JUnitPlatformProvider.execute(JUnitPlatformProvider.java:184) ~[surefire-junit-platform-3.2.5.jar:3.2.5]
	at org.apache.maven.surefire.junitplatform.JUnitPlatformProvider.invokeAllTests(JUnitPlatformProvider.java:148) ~[surefire-junit-platform-3.2.5.jar:3.2.5]
	at org.apache.maven.surefire.junitplatform.JUnitPlatformProvider.invoke(JUnitPlatformProvider.java:122) ~[surefire-junit-platform-3.2.5.jar:3.2.5]
	at org.apache.maven.surefire.booter.ForkedBooter.runSuitesInProcess(ForkedBooter.java:385) ~[surefire-booter-3.2.5.jar:3.2.5]
	at org.apache.maven.surefire.booter.ForkedBooter.execute(ForkedBooter.java:162) ~[surefire-booter-3.2.5.jar:3.2.5]
	at org.apache.maven.surefire.booter.ForkedBooter.run(ForkedBooter.java:507) ~[surefire-booter-3.2.5.jar:3.2.5]
	at org.apache.maven.surefire.booter.ForkedBooter.main(ForkedBooter.java:495) ~[surefire-booter-3.2.5.jar:3.2.5]

2024-07-13T19:06:50.473+05:30  INFO 36136 --- [EmployeemanagementSystem] [           main] eAuthenticationProviderManagerConfigurer : Global AuthenticationManager configured with AuthenticationProvider bean with name authenticationProvider
2024-07-13T19:06:50.577+05:30  WARN 36136 --- [EmployeemanagementSystem] [           main] JpaBaseConfiguration$JpaWebConfiguration : spring.jpa.open-in-view is enabled by default. Therefore, database queries may be performed during view rendering. Explicitly configure spring.jpa.open-in-view to disable this warning
2024-07-13T19:06:50.854+05:30 DEBUG 36136 --- [EmployeemanagementSystem] [           main] o.s.s.web.DefaultSecurityFilterChain     : Will secure any request with filters: DisableEncodeUrlFilter, WebAsyncManagerIntegrationFilter, SecurityContextHolderFilter, HeaderWriterFilter, CorsFilter, LogoutFilter, JWTAuthenticatioFilter, RequestCacheAwareFilter, SecurityContextHolderAwareRequestFilter, AnonymousAuthenticationFilter, SessionManagementFilter, ExceptionTranslationFilter, AuthorizationFilter
2024-07-13T19:06:50.893+05:30 ERROR 36136 --- [EmployeemanagementSystem] [           main] o.a.catalina.core.AprLifecycleListener   : An incompatible version [1.2.31] of the Apache Tomcat Native library is installed, while Tomcat requires version [1.2.34]
2024-07-13T19:06:50.961+05:30 DEBUG 36136 --- [EmployeemanagementSystem] [           main] .h.v.m.ResourceBundleMessageInterpolator : Loaded expression factory via original TCCL
2024-07-13T19:06:50.962+05:30 DEBUG 36136 --- [EmployeemanagementSystem] [           main] o.h.v.i.e.AbstractConfigurationImpl      : Setting custom MessageInterpolator of type org.springframework.validation.beanvalidation.LocaleContextMessageInterpolator
2024-07-13T19:06:50.963+05:30 DEBUG 36136 --- [EmployeemanagementSystem] [           main] o.h.v.i.e.AbstractConfigurationImpl      : Setting custom ConstraintValidatorFactory of type org.springframework.validation.beanvalidation.SpringConstraintValidatorFactory
2024-07-13T19:06:50.964+05:30 DEBUG 36136 --- [EmployeemanagementSystem] [           main] o.h.v.i.xml.config.ValidationXmlParser   : Trying to load META-INF/validation.xml for XML based Validator configuration.
2024-07-13T19:06:50.964+05:30 DEBUG 36136 --- [EmployeemanagementSystem] [           main] o.h.v.i.xml.config.ResourceLoaderHelper  : Trying to load META-INF/validation.xml via user class loader
2024-07-13T19:06:50.964+05:30 DEBUG 36136 --- [EmployeemanagementSystem] [           main] o.h.v.i.xml.config.ResourceLoaderHelper  : Trying to load META-INF/validation.xml via TCCL
2024-07-13T19:06:50.964+05:30 DEBUG 36136 --- [EmployeemanagementSystem] [           main] o.h.v.i.xml.config.ResourceLoaderHelper  : Trying to load META-INF/validation.xml via Hibernate Validator's class loader
2024-07-13T19:06:50.964+05:30 DEBUG 36136 --- [EmployeemanagementSystem] [           main] o.h.v.i.xml.config.ValidationXmlParser   : No META-INF/validation.xml found. Using annotation based configuration only.
2024-07-13T19:06:50.964+05:30 DEBUG 36136 --- [EmployeemanagementSystem] [           main] o.h.v.i.e.resolver.TraversableResolvers  : Found jakarta.persistence.Persistence on classpath containing 'getPersistenceUtil'. Assuming JPA 2 environment. Trying to instantiate JPA aware TraversableResolver
2024-07-13T19:06:50.964+05:30 DEBUG 36136 --- [EmployeemanagementSystem] [           main] o.h.v.i.e.resolver.TraversableResolvers  : Instantiated JPA aware TraversableResolver of type org.hibernate.validator.internal.engine.resolver.JPATraversableResolver.
2024-07-13T19:06:50.965+05:30 DEBUG 36136 --- [EmployeemanagementSystem] [           main] .i.e.ValidatorFactoryConfigurationHelper : HV000252: Using org.hibernate.validator.internal.engine.DefaultPropertyNodeNameProvider as property node name provider.
2024-07-13T19:06:50.965+05:30 DEBUG 36136 --- [EmployeemanagementSystem] [           main] .i.e.ValidatorFactoryConfigurationHelper : HV000234: Using org.springframework.validation.beanvalidation.LocaleContextMessageInterpolator as ValidatorFactory-scoped message interpolator.
2024-07-13T19:06:50.966+05:30 DEBUG 36136 --- [EmployeemanagementSystem] [           main] .i.e.ValidatorFactoryConfigurationHelper : HV000234: Using org.hibernate.validator.internal.engine.resolver.JPATraversableResolver as ValidatorFactory-scoped traversable resolver.
2024-07-13T19:06:50.966+05:30 DEBUG 36136 --- [EmployeemanagementSystem] [           main] .i.e.ValidatorFactoryConfigurationHelper : HV000234: Using org.hibernate.validator.internal.util.ExecutableParameterNameProvider as ValidatorFactory-scoped parameter name provider.
2024-07-13T19:06:50.966+05:30 DEBUG 36136 --- [EmployeemanagementSystem] [           main] .i.e.ValidatorFactoryConfigurationHelper : HV000234: Using org.hibernate.validator.internal.engine.DefaultClockProvider as ValidatorFactory-scoped clock provider.
2024-07-13T19:06:50.966+05:30 DEBUG 36136 --- [EmployeemanagementSystem] [           main] .i.e.ValidatorFactoryConfigurationHelper : HV000234: Using org.hibernate.validator.internal.engine.scripting.DefaultScriptEvaluatorFactory as ValidatorFactory-scoped script evaluator factory.
2024-07-13T19:06:51.082+05:30  WARN 36136 --- [EmployeemanagementSystem] [           main] ion$DefaultTemplateResolverConfiguration : Cannot find template location: classpath:/templates/ (please add some templates, check your Thymeleaf configuration, or set spring.thymeleaf.check-template-location=false)
2024-07-13T19:06:51.268+05:30  INFO 36136 --- [EmployeemanagementSystem] [           main] EmployeemanagementSystemApplicationTests : Started EmployeemanagementSystemApplicationTests in 3.788 seconds (process running for 4.514)
]]></system-out>
  </testcase>
</testsuite>